<?xml version="1.0" encoding="UTF-8"?>
<coverage generated="1758703190778" clover="3.2.0">
  <project timestamp="1758703190778" name="All files">
    <metrics statements="2" coveredstatements="2" conditionals="30" coveredconditionals="25" methods="23" coveredmethods="16" elements="55" coveredelements="43" complexity="0" loc="2" ncloc="2" packages="2" files="2" classes="2"/>
    <package name="components">
      <metrics statements="1" coveredstatements="1" conditionals="20" coveredconditionals="15" methods="20" coveredmethods="13"/>
      <file name="EnvelopeList.tsx" path="/Users/caoyue/Documents/workspace/09-07/redenvelope-webapp/src/components/EnvelopeList.tsx">
        <metrics statements="1" coveredstatements="1" conditionals="20" coveredconditionals="15" methods="20" coveredmethods="13"/>
        <line num="1" count="37" type="cond" truecount="15" falsecount="5"/>
      </file>
    </package>
    <package name="utils">
      <metrics statements="1" coveredstatements="1" conditionals="10" coveredconditionals="10" methods="3" coveredmethods="3"/>
      <file name="envelope.ts" path="/Users/caoyue/Documents/workspace/09-07/redenvelope-webapp/src/utils/envelope.ts">
        <metrics statements="1" coveredstatements="1" conditionals="10" coveredconditionals="10" methods="3" coveredmethods="3"/>
        <line num="1" count="7" type="cond" truecount="10" falsecount="0"/>
      </file>
    </package>
  </project>
</coverage>
