{"/Users/caoyue/Documents/workspace/09-07/redenvelope-webapp/src/components/EnvelopeList.tsx": {"path":"/Users/caoyue/Documents/workspace/09-07/redenvelope-webapp/src/components/EnvelopeList.tsx","statementMap":{"0":{"start":{"line":1,"column":13},"end":{"line":1,"column":70}},"1":{"start":{"line":1,"column":70},"end":{"line":1,"column":165}},"2":{"start":{"line":1,"column":142},"end":{"line":1,"column":161}},"3":{"start":{"line":1,"column":212},"end":{"line":1,"column":262}},"4":{"start":{"line":1,"column":263},"end":{"line":1,"column":312}},"5":{"start":{"line":1,"column":299},"end":{"line":1,"column":310}},"6":{"start":{"line":1,"column":312},"end":{"line":1,"column":323}},"7":{"start":{"line":1,"column":358},"end":{"line":1,"column":386}},"8":{"start":{"line":1,"column":387},"end":{"line":1,"column":423}},"9":{"start":{"line":1,"column":410},"end":{"line":1,"column":421}},"10":{"start":{"line":1,"column":423},"end":{"line":1,"column":434}},"11":{"start":{"line":1,"column":464},"end":{"line":1,"column":480}},"12":{"start":{"line":1,"column":481},"end":{"line":1,"column":512}},"13":{"start":{"line":1,"column":499},"end":{"line":1,"column":510}},"14":{"start":{"line":1,"column":512},"end":{"line":1,"column":523}},"15":{"start":{"line":1,"column":545},"end":{"line":1,"column":581}},"16":{"start":{"line":1,"column":612},"end":{"line":1,"column":629}},"17":{"start":{"line":1,"column":630},"end":{"line":1,"column":662}},"18":{"start":{"line":1,"column":649},"end":{"line":1,"column":660}},"19":{"start":{"line":1,"column":662},"end":{"line":1,"column":673}},"20":{"start":{"line":1,"column":724},"end":{"line":1,"column":780}},"21":{"start":{"line":1,"column":781},"end":{"line":1,"column":820}},"22":{"start":{"line":1,"column":807},"end":{"line":1,"column":818}},"23":{"start":{"line":1,"column":820},"end":{"line":1,"column":831}},"24":{"start":{"line":1,"column":848},"end":{"line":1,"column":876}},"25":{"start":{"line":1,"column":943},"end":{"line":1,"column":973}},"26":{"start":{"line":1,"column":1004},"end":{"line":1,"column":1029}},"27":{"start":{"line":1,"column":1060},"end":{"line":1,"column":1088}},"28":{"start":{"line":1,"column":1110},"end":{"line":1,"column":2027}},"29":{"start":{"line":1,"column":1120},"end":{"line":1,"column":1140}},"30":{"start":{"line":1,"column":1133},"end":{"line":1,"column":1140}},"31":{"start":{"line":1,"column":1140},"end":{"line":1,"column":1159}},"32":{"start":{"line":1,"column":1159},"end":{"line":1,"column":2026}},"33":{"start":{"line":1,"column":1184},"end":{"line":1,"column":1218}},"34":{"start":{"line":1,"column":1231},"end":{"line":1,"column":1253}},"35":{"start":{"line":1,"column":1273},"end":{"line":1,"column":1275}},"36":{"start":{"line":1,"column":1293},"end":{"line":1,"column":1313}},"37":{"start":{"line":1,"column":1314},"end":{"line":1,"column":1849}},"38":{"start":{"line":1,"column":1324},"end":{"line":1,"column":1334}},"39":{"start":{"line":1,"column":1348},"end":{"line":1,"column":1848}},"40":{"start":{"line":1,"column":1363},"end":{"line":1,"column":1396}},"41":{"start":{"line":1,"column":1412},"end":{"line":1,"column":1606}},"42":{"start":{"line":1,"column":1607},"end":{"line":1,"column":1754}},"43":{"start":{"line":1,"column":1619},"end":{"line":1,"column":1676}},"44":{"start":{"line":1,"column":1692},"end":{"line":1,"column":1726}},"45":{"start":{"line":1,"column":1727},"end":{"line":1,"column":1753}},"46":{"start":{"line":1,"column":1754},"end":{"line":1,"column":1781}},"47":{"start":{"line":1,"column":1795},"end":{"line":1,"column":1847}},"48":{"start":{"line":1,"column":1849},"end":{"line":1,"column":1885}},"49":{"start":{"line":1,"column":1874},"end":{"line":1,"column":1883}},"50":{"start":{"line":1,"column":1885},"end":{"line":1,"column":1911}},"51":{"start":{"line":1,"column":1925},"end":{"line":1,"column":1955}},"52":{"start":{"line":1,"column":1955},"end":{"line":1,"column":1997}},"53":{"start":{"line":1,"column":2006},"end":{"line":1,"column":2025}},"54":{"start":{"line":1,"column":2028},"end":{"line":1,"column":2189}},"55":{"start":{"line":1,"column":2056},"end":{"line":1,"column":2167}},"56":{"start":{"line":1,"column":2069},"end":{"line":1,"column":2086}},"57":{"start":{"line":1,"column":2101},"end":{"line":1,"column":2132}},"58":{"start":{"line":1,"column":2133},"end":{"line":1,"column":2166}},"59":{"start":{"line":1,"column":2143},"end":{"line":1,"column":2166}},"60":{"start":{"line":1,"column":2213},"end":{"line":1,"column":2517}},"61":{"start":{"line":1,"column":2238},"end":{"line":1,"column":2504}},"62":{"start":{"line":1,"column":2263},"end":{"line":1,"column":2502}},"63":{"start":{"line":1,"column":2518},"end":{"line":1,"column":2872}},"64":{"start":{"line":1,"column":2554},"end":{"line":1,"column":2871}},"65":{"start":{"line":1,"column":2872},"end":{"line":1,"column":5337}},"66":{"start":{"line":1,"column":3831},"end":{"line":1,"column":5331}},"67":{"start":{"line":1,"column":5166},"end":{"line":1,"column":5195}}},"fnMap":{"0":{"name":"(anonymous_0)","decl":{"start":{"line":1,"column":131},"end":{"line":1,"column":132}},"loc":{"start":{"line":1,"column":141},"end":{"line":1,"column":162}},"line":1},"1":{"name":"_interop_require_default","decl":{"start":{"line":1,"column":174},"end":{"line":1,"column":198}},"loc":{"start":{"line":1,"column":200},"end":{"line":1,"column":324}},"line":1},"2":{"name":"(anonymous_2)","decl":{"start":{"line":1,"column":288},"end":{"line":1,"column":289}},"loc":{"start":{"line":1,"column":298},"end":{"line":1,"column":311}},"line":1},"3":{"name":"_jsxruntime","decl":{"start":{"line":1,"column":333},"end":{"line":1,"column":344}},"loc":{"start":{"line":1,"column":346},"end":{"line":1,"column":435}},"line":1},"4":{"name":"(anonymous_4)","decl":{"start":{"line":1,"column":399},"end":{"line":1,"column":400}},"loc":{"start":{"line":1,"column":409},"end":{"line":1,"column":422}},"line":1},"5":{"name":"_react","decl":{"start":{"line":1,"column":444},"end":{"line":1,"column":450}},"loc":{"start":{"line":1,"column":452},"end":{"line":1,"column":524}},"line":1},"6":{"name":"(anonymous_6)","decl":{"start":{"line":1,"column":488},"end":{"line":1,"column":489}},"loc":{"start":{"line":1,"column":498},"end":{"line":1,"column":511}},"line":1},"7":{"name":"_ethers","decl":{"start":{"line":1,"column":591},"end":{"line":1,"column":598}},"loc":{"start":{"line":1,"column":600},"end":{"line":1,"column":674}},"line":1},"8":{"name":"(anonymous_8)","decl":{"start":{"line":1,"column":638},"end":{"line":1,"column":639}},"loc":{"start":{"line":1,"column":648},"end":{"line":1,"column":661}},"line":1},"9":{"name":"_reacthottoast","decl":{"start":{"line":1,"column":683},"end":{"line":1,"column":697}},"loc":{"start":{"line":1,"column":699},"end":{"line":1,"column":832}},"line":1},"10":{"name":"(anonymous_10)","decl":{"start":{"line":1,"column":796},"end":{"line":1,"column":797}},"loc":{"start":{"line":1,"column":806},"end":{"line":1,"column":819}},"line":1},"11":{"name":"EnvelopeList","decl":{"start":{"line":1,"column":886},"end":{"line":1,"column":898}},"loc":{"start":{"line":1,"column":918},"end":{"line":1,"column":5338}},"line":1},"12":{"name":"(anonymous_12)","decl":{"start":{"line":1,"column":1110},"end":{"line":1,"column":1111}},"loc":{"start":{"line":1,"column":1119},"end":{"line":1,"column":2027}},"line":1},"13":{"name":"(anonymous_13)","decl":{"start":{"line":1,"column":1867},"end":{"line":1,"column":1868}},"loc":{"start":{"line":1,"column":1874},"end":{"line":1,"column":1883}},"line":1},"14":{"name":"(anonymous_14)","decl":{"start":{"line":1,"column":2051},"end":{"line":1,"column":2052}},"loc":{"start":{"line":1,"column":2055},"end":{"line":1,"column":2168}},"line":1},"15":{"name":"(anonymous_15)","decl":{"start":{"line":1,"column":2139},"end":{"line":1,"column":2140}},"loc":{"start":{"line":1,"column":2143},"end":{"line":1,"column":2166}},"line":1},"16":{"name":"(anonymous_16)","decl":{"start":{"line":1,"column":2234},"end":{"line":1,"column":2235}},"loc":{"start":{"line":1,"column":2238},"end":{"line":1,"column":2504}},"line":1},"17":{"name":"(anonymous_17)","decl":{"start":{"line":1,"column":2252},"end":{"line":1,"column":2253}},"loc":{"start":{"line":1,"column":2263},"end":{"line":1,"column":2502}},"line":1},"18":{"name":"(anonymous_18)","decl":{"start":{"line":1,"column":3821},"end":{"line":1,"column":3822}},"loc":{"start":{"line":1,"column":3831},"end":{"line":1,"column":5331}},"line":1},"19":{"name":"(anonymous_19)","decl":{"start":{"line":1,"column":5162},"end":{"line":1,"column":5163}},"loc":{"start":{"line":1,"column":5166},"end":{"line":1,"column":5195}},"line":1}},"branchMap":{"0":{"loc":{"start":{"line":1,"column":1120},"end":{"line":1,"column":1140}},"type":"if","locations":[{"start":{"line":1,"column":1120},"end":{"line":1,"column":1140}},{"start":{},"end":{}}],"line":1},"1":{"loc":{"start":{"line":1,"column":1607},"end":{"line":1,"column":1754}},"type":"if","locations":[{"start":{"line":1,"column":1607},"end":{"line":1,"column":1754}},{"start":{},"end":{}}],"line":1},"2":{"loc":{"start":{"line":1,"column":2056},"end":{"line":1,"column":2167}},"type":"if","locations":[{"start":{"line":1,"column":2056},"end":{"line":1,"column":2167}},{"start":{},"end":{}}],"line":1},"3":{"loc":{"start":{"line":1,"column":2518},"end":{"line":1,"column":2872}},"type":"if","locations":[{"start":{"line":1,"column":2518},"end":{"line":1,"column":2872}},{"start":{},"end":{}}],"line":1},"4":{"loc":{"start":{"line":1,"column":2521},"end":{"line":1,"column":2552}},"type":"binary-expr","locations":[{"start":{"line":1,"column":2521},"end":{"line":1,"column":2530}},{"start":{"line":1,"column":2532},"end":{"line":1,"column":2552}}],"line":1},"5":{"loc":{"start":{"line":1,"column":3394},"end":{"line":1,"column":3417}},"type":"cond-expr","locations":[{"start":{"line":1,"column":3404},"end":{"line":1,"column":3412}},{"start":{"line":1,"column":3413},"end":{"line":1,"column":3417}}],"line":1},"6":{"loc":{"start":{"line":1,"column":3423},"end":{"line":1,"column":5334}},"type":"cond-expr","locations":[{"start":{"line":1,"column":3452},"end":{"line":1,"column":3695}},{"start":{"line":1,"column":3696},"end":{"line":1,"column":5334}}],"line":1},"7":{"loc":{"start":{"line":1,"column":3923},"end":{"line":1,"column":3992}},"type":"cond-expr","locations":[{"start":{"line":1,"column":3947},"end":{"line":1,"column":3979}},{"start":{"line":1,"column":3980},"end":{"line":1,"column":3992}}],"line":1},"8":{"loc":{"start":{"line":1,"column":4794},"end":{"line":1,"column":4828}},"type":"cond-expr","locations":[{"start":{"line":1,"column":4812},"end":{"line":1,"column":4820}},{"start":{"line":1,"column":4821},"end":{"line":1,"column":4828}}],"line":1},"9":{"loc":{"start":{"line":1,"column":5097},"end":{"line":1,"column":5316}},"type":"binary-expr","locations":[{"start":{"line":1,"column":5097},"end":{"line":1,"column":5120}},{"start":{"line":1,"column":5122},"end":{"line":1,"column":5316}}],"line":1}},"s":{"0":1,"1":1,"2":2,"3":0,"4":0,"5":0,"6":0,"7":1,"8":1,"9":37,"10":1,"11":1,"12":1,"13":15,"14":1,"15":1,"16":1,"17":1,"18":0,"19":1,"20":0,"21":0,"22":0,"23":0,"24":1,"25":4,"26":4,"27":4,"28":4,"29":1,"30":0,"31":1,"32":1,"33":1,"34":1,"35":1,"36":1,"37":1,"38":1,"39":1,"40":1,"41":1,"42":1,"43":1,"44":1,"45":1,"46":1,"47":0,"48":1,"49":0,"50":1,"51":0,"52":0,"53":1,"54":4,"55":2,"56":1,"57":1,"58":1,"59":1,"60":4,"61":3,"62":1,"63":4,"64":1,"65":3,"66":1,"67":0},"f":{"0":2,"1":0,"2":0,"3":1,"4":37,"5":1,"6":15,"7":1,"8":0,"9":0,"10":0,"11":4,"12":1,"13":0,"14":2,"15":1,"16":3,"17":1,"18":1,"19":0},"b":{"0":[0,1],"1":[1,0],"2":[1,1],"3":[1,3],"4":[4,1],"5":[0,3],"6":[2,1],"7":[1,0],"8":[0,1],"9":[1,1]},"inputSourceMap":{"0":"{","1":"\"","2":"v","3":"e","4":"r","5":"s","6":"i","7":"o","8":"n","9":"\"","10":":","11":"3","12":",","13":"\"","14":"s","15":"o","16":"u","17":"r","18":"c","19":"e","20":"s","21":"\"","22":":","23":"[","24":"\"","25":"/","26":"U","27":"s","28":"e","29":"r","30":"s","31":"/","32":"c","33":"a","34":"o","35":"y","36":"u","37":"e","38":"/","39":"D","40":"o","41":"c","42":"u","43":"m","44":"e","45":"n","46":"t","47":"s","48":"/","49":"w","50":"o","51":"r","52":"k","53":"s","54":"p","55":"a","56":"c","57":"e","58":"/","59":"0","60":"9","61":"-","62":"0","63":"7","64":"/","65":"r","66":"e","67":"d","68":"e","69":"n","70":"v","71":"e","72":"l","73":"o","74":"p","75":"e","76":"-","77":"w","78":"e","79":"b","80":"a","81":"p","82":"p","83":"/","84":"s","85":"r","86":"c","87":"/","88":"c","89":"o","90":"m","91":"p","92":"o","93":"n","94":"e","95":"n","96":"t","97":"s","98":"/","99":"E","100":"n","101":"v","102":"e","103":"l","104":"o","105":"p","106":"e","107":"L","108":"i","109":"s","110":"t","111":".","112":"t","113":"s","114":"x","115":"\"","116":"]","117":",","118":"\"","119":"s","120":"o","121":"u","122":"r","123":"c","124":"e","125":"s","126":"C","127":"o","128":"n","129":"t","130":"e","131":"n","132":"t","133":"\"","134":":","135":"[","136":"\"","137":"i","138":"m","139":"p","140":"o","141":"r","142":"t","143":" ","144":"{","145":" ","146":"u","147":"s","148":"e","149":"S","150":"t","151":"a","152":"t","153":"e","154":",","155":" ","156":"u","157":"s","158":"e","159":"E","160":"f","161":"f","162":"e","163":"c","164":"t","165":",","166":" ","167":"u","168":"s","169":"e","170":"M","171":"e","172":"m","173":"o","174":" ","175":"}","176":" ","177":"f","178":"r","179":"o","180":"m","181":" ","182":"'","183":"r","184":"e","185":"a","186":"c","187":"t","188":"'","189":"\\","190":"n","191":"i","192":"m","193":"p","194":"o","195":"r","196":"t","197":" ","198":"{","199":" ","200":"u","201":"s","202":"e","203":"W","204":"a","205":"l","206":"l","207":"e","208":"t","209":" ","210":"}","211":" ","212":"f","213":"r","214":"o","215":"m","216":" ","217":"'","218":".","219":".","220":"/","221":"c","222":"o","223":"n","224":"t","225":"e","226":"x","227":"t","228":"s","229":"/","230":"W","231":"a","232":"l","233":"l","234":"e","235":"t","236":"C","237":"o","238":"n","239":"t","240":"e","241":"x","242":"t","243":"'","244":"\\","245":"n","246":"i","247":"m","248":"p","249":"o","250":"r","251":"t","252":" ","253":"{","254":" ","255":"f","256":"o","257":"r","258":"m","259":"a","260":"t","261":"E","262":"t","263":"h","264":"e","265":"r","266":" ","267":"}","268":" ","269":"f","270":"r","271":"o","272":"m","273":" ","274":"'","275":"e","276":"t","277":"h","278":"e","279":"r","280":"s","281":"'","282":"\\","283":"n","284":"i","285":"m","286":"p","287":"o","288":"r","289":"t","290":" ","291":"t","292":"o","293":"a","294":"s","295":"t","296":" ","297":"f","298":"r","299":"o","300":"m","301":" ","302":"'","303":"r","304":"e","305":"a","306":"c","307":"t","308":"-","309":"h","310":"o","311":"t","312":"-","313":"t","314":"o","315":"a","316":"s","317":"t","318":"'","319":"\\","320":"n","321":"i","322":"m","323":"p","324":"o","325":"r","326":"t","327":" ","328":"{","329":" ","330":"g","331":"e","332":"t","333":"E","334":"n","335":"v","336":"e","337":"l","338":"o","339":"p","340":"e","341":"S","342":"t","343":"a","344":"t","345":"u","346":"s","347":" ","348":"}","349":" ","350":"f","351":"r","352":"o","353":"m","354":" ","355":"'","356":".","357":".","358":"/","359":"u","360":"t","361":"i","362":"l","363":"s","364":"/","365":"e","366":"n","367":"v","368":"e","369":"l","370":"o","371":"p","372":"e","373":"'","374":"\\","375":"n","376":"\\","377":"n","378":"i","379":"n","380":"t","381":"e","382":"r","383":"f","384":"a","385":"c","386":"e","387":" ","388":"E","389":"n","390":"v","391":"e","392":"l","393":"o","394":"p","395":"e","396":" ","397":"{","398":"\\","399":"n","400":" ","401":" ","402":"i","403":"d","404":":","405":" ","406":"n","407":"u","408":"m","409":"b","410":"e","411":"r","412":"\\","413":"n","414":" ","415":" ","416":"c","417":"r","418":"e","419":"a","420":"t","421":"o","422":"r","423":":","424":" ","425":"s","426":"t","427":"r","428":"i","429":"n","430":"g","431":"\\","432":"n","433":" ","434":" ","435":"t","436":"o","437":"t","438":"a","439":"l","440":"A","441":"m","442":"o","443":"u","444":"n","445":"t","446":":","447":" ","448":"b","449":"i","450":"g","451":"i","452":"n","453":"t","454":"\\","455":"n","456":" ","457":" ","458":"r","459":"e","460":"m","461":"a","462":"i","463":"n","464":"i","465":"n","466":"g","467":"A","468":"m","469":"o","470":"u","471":"n","472":"t","473":":","474":" ","475":"b","476":"i","477":"g","478":"i","479":"n","480":"t","481":"\\","482":"n","483":" ","484":" ","485":"t","486":"o","487":"t","488":"a","489":"l","490":"C","491":"o","492":"u","493":"n","494":"t","495":":","496":" ","497":"b","498":"i","499":"g","500":"i","501":"n","502":"t","503":"\\","504":"n","505":" ","506":" ","507":"r","508":"e","509":"m","510":"a","511":"i","512":"n","513":"i","514":"n","515":"g","516":"C","517":"o","518":"u","519":"n","520":"t","521":":","522":" ","523":"b","524":"i","525":"g","526":"i","527":"n","528":"t","529":"\\","530":"n","531":" ","532":" ","533":"i","534":"s","535":"R","536":"a","537":"n","538":"d","539":"o","540":"m","541":":","542":" ","543":"b","544":"o","545":"o","546":"l","547":"e","548":"a","549":"n","550":"\\","551":"n","552":" ","553":" ","554":"i","555":"s","556":"A","557":"c","558":"t","559":"i","560":"v","561":"e","562":":","563":" ","564":"b","565":"o","566":"o","567":"l","568":"e","569":"a","570":"n","571":"\\","572":"n","573":" ","574":" ","575":"m","576":"e","577":"s","578":"s","579":"a","580":"g","581":"e","582":":","583":" ","584":"s","585":"t","586":"r","587":"i","588":"n","589":"g","590":"\\","591":"n","592":" ","593":" ","594":"c","595":"r","596":"e","597":"a","598":"t","599":"e","600":"d","601":"A","602":"t","603":":","604":" ","605":"b","606":"i","607":"g","608":"i","609":"n","610":"t","611":"\\","612":"n","613":" ","614":" ","615":"e","616":"x","617":"p","618":"i","619":"r","620":"e","621":"s","622":"A","623":"t","624":":","625":" ","626":"b","627":"i","628":"g","629":"i","630":"n","631":"t","632":"\\","633":"n","634":" ","635":" ","636":"h","637":"a","638":"s","639":"C","640":"l","641":"a","642":"i","643":"m","644":"e","645":"d","646":"?","647":":","648":" ","649":"b","650":"o","651":"o","652":"l","653":"e","654":"a","655":"n","656":"\\","657":"n","658":" ","659":" ","660":"c","661":"a","662":"n","663":"C","664":"l","665":"a","666":"i","667":"m","668":"?","669":":","670":" ","671":"b","672":"o","673":"o","674":"l","675":"e","676":"a","677":"n","678":"\\","679":"n","680":"}","681":"\\","682":"n","683":"\\","684":"n","685":"i","686":"n","687":"t","688":"e","689":"r","690":"f","691":"a","692":"c","693":"e","694":" ","695":"E","696":"n","697":"v","698":"e","699":"l","700":"o","701":"p","702":"e","703":"L","704":"i","705":"s","706":"t","707":"P","708":"r","709":"o","710":"p","711":"s","712":" ","713":"{","714":"\\","715":"n","716":" ","717":" ","718":"o","719":"n","720":"S","721":"e","722":"l","723":"e","724":"c","725":"t","726":"E","727":"n","728":"v","729":"e","730":"l","731":"o","732":"p","733":"e","734":":","735":" ","736":"(","737":"i","738":"d","739":":","740":" ","741":"n","742":"u","743":"m","744":"b","745":"e","746":"r","747":")","748":" ","749":"=","750":">","751":" ","752":"v","753":"o","754":"i","755":"d","756":"\\","757":"n","758":"}","759":"\\","760":"n","761":"\\","762":"n","763":"e","764":"x","765":"p","766":"o","767":"r","768":"t","769":" ","770":"d","771":"e","772":"f","773":"a","774":"u","775":"l","776":"t","777":" ","778":"f","779":"u","780":"n","781":"c","782":"t","783":"i","784":"o","785":"n","786":" ","787":"E","788":"n","789":"v","790":"e","791":"l","792":"o","793":"p","794":"e","795":"L","796":"i","797":"s","798":"t","799":"(","800":"{","801":" ","802":"o","803":"n","804":"S","805":"e","806":"l","807":"e","808":"c","809":"t","810":"E","811":"n","812":"v","813":"e","814":"l","815":"o","816":"p","817":"e","818":" ","819":"}","820":":","821":" ","822":"E","823":"n","824":"v","825":"e","826":"l","827":"o","828":"p","829":"e","830":"L","831":"i","832":"s","833":"t","834":"P","835":"r","836":"o","837":"p","838":"s","839":")","840":" ","841":"{","842":"\\","843":"n","844":" ","845":" ","846":"c","847":"o","848":"n","849":"s","850":"t","851":" ","852":"{","853":" ","854":"c","855":"o","856":"n","857":"t","858":"r","859":"a","860":"c","861":"t","862":",","863":" ","864":"a","865":"c","866":"c","867":"o","868":"u","869":"n","870":"t","871":" ","872":"}","873":" ","874":"=","875":" ","876":"u","877":"s","878":"e","879":"W","880":"a","881":"l","882":"l","883":"e","884":"t","885":"(","886":")","887":"\\","888":"n","889":" ","890":" ","891":"c","892":"o","893":"n","894":"s","895":"t","896":" ","897":"[","898":"e","899":"n","900":"v","901":"e","902":"l","903":"o","904":"p","905":"e","906":"s","907":",","908":" ","909":"s","910":"e","911":"t","912":"E","913":"n","914":"v","915":"e","916":"l","917":"o","918":"p","919":"e","920":"s","921":"]","922":" ","923":"=","924":" ","925":"u","926":"s","927":"e","928":"S","929":"t","930":"a","931":"t","932":"e","933":"<","934":"E","935":"n","936":"v","937":"e","938":"l","939":"o","940":"p","941":"e","942":"[","943":"]","944":">","945":"(","946":"[","947":"]","948":")","949":"\\","950":"n","951":" ","952":" ","953":"c","954":"o","955":"n","956":"s","957":"t","958":" ","959":"[","960":"i","961":"s","962":"L","963":"o","964":"a","965":"d","966":"i","967":"n","968":"g","969":",","970":" ","971":"s","972":"e","973":"t","974":"I","975":"s","976":"L","977":"o","978":"a","979":"d","980":"i","981":"n","982":"g","983":"]","984":" ","985":"=","986":" ","987":"u","988":"s","989":"e","990":"S","991":"t","992":"a","993":"t","994":"e","995":"(","996":"f","997":"a","998":"l","999":"s","1000":"e","1001":")","1002":"\\","1003":"n","1004":"\\","1005":"n","1006":" ","1007":" ","1008":"c","1009":"o","1010":"n","1011":"s","1012":"t","1013":" ","1014":"f","1015":"e","1016":"t","1017":"c","1018":"h","1019":"E","1020":"n","1021":"v","1022":"e","1023":"l","1024":"o","1025":"p","1026":"e","1027":"s","1028":" ","1029":"=","1030":" ","1031":"a","1032":"s","1033":"y","1034":"n","1035":"c","1036":" ","1037":"(","1038":")","1039":" ","1040":"=","1041":">","1042":" ","1043":"{","1044":"\\","1045":"n","1046":" ","1047":" ","1048":" ","1049":" ","1050":"i","1051":"f","1052":" ","1053":"(","1054":"!","1055":"c","1056":"o","1057":"n","1058":"t","1059":"r","1060":"a","1061":"c","1062":"t","1063":")","1064":" ","1065":"r","1066":"e","1067":"t","1068":"u","1069":"r","1070":"n","1071":"\\","1072":"n","1073":"\\","1074":"n","1075":" ","1076":" ","1077":" ","1078":" ","1079":"s","1080":"e","1081":"t","1082":"I","1083":"s","1084":"L","1085":"o","1086":"a","1087":"d","1088":"i","1089":"n","1090":"g","1091":"(","1092":"t","1093":"r","1094":"u","1095":"e","1096":")","1097":"\\","1098":"n","1099":" ","1100":" ","1101":" ","1102":" ","1103":"t","1104":"r","1105":"y","1106":" ","1107":"{","1108":"\\","1109":"n","1110":" ","1111":" ","1112":" ","1113":" ","1114":" ","1115":" ","1116":"c","1117":"o","1118":"n","1119":"s","1120":"t","1121":" ","1122":"t","1123":"o","1124":"t","1125":"a","1126":"l","1127":"E","1128":"n","1129":"v","1130":"e","1131":"l","1132":"o","1133":"p","1134":"e","1135":"s","1136":" ","1137":"=","1138":" ","1139":"a","1140":"w","1141":"a","1142":"i","1143":"t","1144":" ","1145":"c","1146":"o","1147":"n","1148":"t","1149":"r","1150":"a","1151":"c","1152":"t","1153":".","1154":"g","1155":"e","1156":"t","1157":"T","1158":"o","1159":"t","1160":"a","1161":"l","1162":"E","1163":"n","1164":"v","1165":"e","1166":"l","1167":"o","1168":"p","1169":"e","1170":"s","1171":"(","1172":")","1173":"\\","1174":"n","1175":" ","1176":" ","1177":" ","1178":" ","1179":" ","1180":" ","1181":"c","1182":"o","1183":"n","1184":"s","1185":"t","1186":" ","1187":"c","1188":"o","1189":"u","1190":"n","1191":"t","1192":" ","1193":"=","1194":" ","1195":"N","1196":"u","1197":"m","1198":"b","1199":"e","1200":"r","1201":"(","1202":"t","1203":"o","1204":"t","1205":"a","1206":"l","1207":"E","1208":"n","1209":"v","1210":"e","1211":"l","1212":"o","1213":"p","1214":"e","1215":"s","1216":")","1217":"\\","1218":"n","1219":"\\","1220":"n","1221":" ","1222":" ","1223":" ","1224":" ","1225":" ","1226":" ","1227":"c","1228":"o","1229":"n","1230":"s","1231":"t","1232":" ","1233":"e","1234":"n","1235":"v","1236":"e","1237":"l","1238":"o","1239":"p","1240":"e","1241":"L","1242":"i","1243":"s","1244":"t","1245":":","1246":" ","1247":"E","1248":"n","1249":"v","1250":"e","1251":"l","1252":"o","1253":"p","1254":"e","1255":"[","1256":"]","1257":" ","1258":"=","1259":" ","1260":"[","1261":"]","1262":"\\","1263":"n","1264":" ","1265":" ","1266":" ","1267":" ","1268":" ","1269":" ","1270":"c","1271":"o","1272":"n","1273":"s","1274":"t","1275":" ","1276":"s","1277":"t","1278":"a","1279":"r","1280":"t","1281":"I","1282":"n","1283":"d","1284":"e","1285":"x","1286":" ","1287":"=","1288":" ","1289":"M","1290":"a","1291":"t","1292":"h","1293":".","1294":"m","1295":"a","1296":"x","1297":"(","1298":"0","1299":",","1300":" ","1301":"c","1302":"o","1303":"u","1304":"n","1305":"t","1306":" ","1307":"-","1308":" ","1309":"2","1310":"0","1311":")","1312":"\\","1313":"n","1314":"\\","1315":"n","1316":" ","1317":" ","1318":" ","1319":" ","1320":" ","1321":" ","1322":"f","1323":"o","1324":"r","1325":" ","1326":"(","1327":"l","1328":"e","1329":"t","1330":" ","1331":"i","1332":" ","1333":"=","1334":" ","1335":"s","1336":"t","1337":"a","1338":"r","1339":"t","1340":"I","1341":"n","1342":"d","1343":"e","1344":"x","1345":";","1346":" ","1347":"i","1348":" ","1349":"<","1350":" ","1351":"c","1352":"o","1353":"u","1354":"n","1355":"t","1356":";","1357":" ","1358":"i","1359":"+","1360":"+","1361":")","1362":" ","1363":"{","1364":"\\","1365":"n","1366":" ","1367":" ","1368":" ","1369":" ","1370":" ","1371":" ","1372":" ","1373":" ","1374":"t","1375":"r","1376":"y","1377":" ","1378":"{","1379":"\\","1380":"n","1381":" ","1382":" ","1383":" ","1384":" ","1385":" ","1386":" ","1387":" ","1388":" ","1389":" ","1390":" ","1391":"c","1392":"o","1393":"n","1394":"s","1395":"t","1396":" ","1397":"i","1398":"n","1399":"f","1400":"o","1401":" ","1402":"=","1403":" ","1404":"a","1405":"w","1406":"a","1407":"i","1408":"t","1409":" ","1410":"c","1411":"o","1412":"n","1413":"t","1414":"r","1415":"a","1416":"c","1417":"t","1418":".","1419":"g","1420":"e","1421":"t","1422":"E","1423":"n","1424":"v","1425":"e","1426":"l","1427":"o","1428":"p","1429":"e","1430":"I","1431":"n","1432":"f","1433":"o","1434":"(","1435":"i","1436":")","1437":"\\","1438":"n","1439":" ","1440":" ","1441":" ","1442":" ","1443":" ","1444":" ","1445":" ","1446":" ","1447":" ","1448":" ","1449":"c","1450":"o","1451":"n","1452":"s","1453":"t","1454":" ","1455":"e","1456":"n","1457":"v","1458":"e","1459":"l","1460":"o","1461":"p","1462":"e","1463":":","1464":" ","1465":"E","1466":"n","1467":"v","1468":"e","1469":"l","1470":"o","1471":"p","1472":"e","1473":" ","1474":"=","1475":" ","1476":"{","1477":"\\","1478":"n","1479":" ","1480":" ","1481":" ","1482":" ","1483":" ","1484":" ","1485":" ","1486":" ","1487":" ","1488":" ","1489":" ","1490":" ","1491":"i","1492":"d","1493":":","1494":" ","1495":"i","1496":",","1497":"\\","1498":"n","1499":" ","1500":" ","1501":" ","1502":" ","1503":" ","1504":" ","1505":" ","1506":" ","1507":" ","1508":" ","1509":" ","1510":" ","1511":"c","1512":"r","1513":"e","1514":"a","1515":"t","1516":"o","1517":"r","1518":":","1519":" ","1520":"i","1521":"n","1522":"f","1523":"o","1524":"[","1525":"0","1526":"]","1527":",","1528":"\\","1529":"n","1530":" ","1531":" ","1532":" ","1533":" ","1534":" ","1535":" ","1536":" ","1537":" ","1538":" ","1539":" ","1540":" ","1541":" ","1542":"t","1543":"o","1544":"t","1545":"a","1546":"l","1547":"A","1548":"m","1549":"o","1550":"u","1551":"n","1552":"t","1553":":","1554":" ","1555":"i","1556":"n","1557":"f","1558":"o","1559":"[","1560":"1","1561":"]","1562":",","1563":"\\","1564":"n","1565":" ","1566":" ","1567":" ","1568":" ","1569":" ","1570":" ","1571":" ","1572":" ","1573":" ","1574":" ","1575":" ","1576":" ","1577":"r","1578":"e","1579":"m","1580":"a","1581":"i","1582":"n","1583":"i","1584":"n","1585":"g","1586":"A","1587":"m","1588":"o","1589":"u","1590":"n","1591":"t","1592":":","1593":" ","1594":"i","1595":"n","1596":"f","1597":"o","1598":"[","1599":"2","1600":"]","1601":",","1602":"\\","1603":"n","1604":" ","1605":" ","1606":" ","1607":" ","1608":" ","1609":" ","1610":" ","1611":" ","1612":" ","1613":" ","1614":" ","1615":" ","1616":"t","1617":"o","1618":"t","1619":"a","1620":"l","1621":"C","1622":"o","1623":"u","1624":"n","1625":"t","1626":":","1627":" ","1628":"i","1629":"n","1630":"f","1631":"o","1632":"[","1633":"3","1634":"]","1635":",","1636":"\\","1637":"n","1638":" ","1639":" ","1640":" ","1641":" ","1642":" ","1643":" ","1644":" ","1645":" ","1646":" ","1647":" ","1648":" ","1649":" ","1650":"r","1651":"e","1652":"m","1653":"a","1654":"i","1655":"n","1656":"i","1657":"n","1658":"g","1659":"C","1660":"o","1661":"u","1662":"n","1663":"t","1664":":","1665":" ","1666":"i","1667":"n","1668":"f","1669":"o","1670":"[","1671":"4","1672":"]","1673":",","1674":"\\","1675":"n","1676":" ","1677":" ","1678":" ","1679":" ","1680":" ","1681":" ","1682":" ","1683":" ","1684":" ","1685":" ","1686":" ","1687":" ","1688":"i","1689":"s","1690":"R","1691":"a","1692":"n","1693":"d","1694":"o","1695":"m","1696":":","1697":" ","1698":"i","1699":"n","1700":"f","1701":"o","1702":"[","1703":"5","1704":"]","1705":",","1706":"\\","1707":"n","1708":" ","1709":" ","1710":" ","1711":" ","1712":" ","1713":" ","1714":" ","1715":" ","1716":" ","1717":" ","1718":" ","1719":" ","1720":"i","1721":"s","1722":"A","1723":"c","1724":"t","1725":"i","1726":"v","1727":"e","1728":":","1729":" ","1730":"i","1731":"n","1732":"f","1733":"o","1734":"[","1735":"6","1736":"]","1737":",","1738":"\\","1739":"n","1740":" ","1741":" ","1742":" ","1743":" ","1744":" ","1745":" ","1746":" ","1747":" ","1748":" ","1749":" ","1750":" ","1751":" ","1752":"m","1753":"e","1754":"s","1755":"s","1756":"a","1757":"g","1758":"e","1759":":","1760":" ","1761":"i","1762":"n","1763":"f","1764":"o","1765":"[","1766":"7","1767":"]","1768":",","1769":"\\","1770":"n","1771":" ","1772":" ","1773":" ","1774":" ","1775":" ","1776":" ","1777":" ","1778":" ","1779":" ","1780":" ","1781":" ","1782":" ","1783":"c","1784":"r","1785":"e","1786":"a","1787":"t","1788":"e","1789":"d","1790":"A","1791":"t","1792":":","1793":" ","1794":"i","1795":"n","1796":"f","1797":"o","1798":"[","1799":"8","1800":"]","1801":",","1802":"\\","1803":"n","1804":" ","1805":" ","1806":" ","1807":" ","1808":" ","1809":" ","1810":" ","1811":" ","1812":" ","1813":" ","1814":" ","1815":" ","1816":"e","1817":"x","1818":"p","1819":"i","1820":"r","1821":"e","1822":"s","1823":"A","1824":"t","1825":":","1826":" ","1827":"i","1828":"n","1829":"f","1830":"o","1831":"[","1832":"9","1833":"]","1834":",","1835":"\\","1836":"n","1837":" ","1838":" ","1839":" ","1840":" ","1841":" ","1842":" ","1843":" ","1844":" ","1845":" ","1846":" ","1847":"}","1848":"\\","1849":"n","1850":"\\","1851":"n","1852":" ","1853":" ","1854":" ","1855":" ","1856":" ","1857":" ","1858":" ","1859":" ","1860":" ","1861":" ","1862":"i","1863":"f","1864":" ","1865":"(","1866":"a","1867":"c","1868":"c","1869":"o","1870":"u","1871":"n","1872":"t","1873":")","1874":" ","1875":"{","1876":"\\","1877":"n","1878":" ","1879":" ","1880":" ","1881":" ","1882":" ","1883":" ","1884":" ","1885":" ","1886":" ","1887":" ","1888":" ","1889":" ","1890":"e","1891":"n","1892":"v","1893":"e","1894":"l","1895":"o","1896":"p","1897":"e","1898":".","1899":"h","1900":"a","1901":"s","1902":"C","1903":"l","1904":"a","1905":"i","1906":"m","1907":"e","1908":"d","1909":" ","1910":"=","1911":" ","1912":"a","1913":"w","1914":"a","1915":"i","1916":"t","1917":" ","1918":"c","1919":"o","1920":"n","1921":"t","1922":"r","1923":"a","1924":"c","1925":"t","1926":".","1927":"h","1928":"a","1929":"s","1930":"C","1931":"l","1932":"a","1933":"i","1934":"m","1935":"e","1936":"d","1937":"(","1938":"i","1939":",","1940":" ","1941":"a","1942":"c","1943":"c","1944":"o","1945":"u","1946":"n","1947":"t","1948":")","1949":"\\","1950":"n","1951":" ","1952":" ","1953":" ","1954":" ","1955":" ","1956":" ","1957":" ","1958":" ","1959":" ","1960":" ","1961":" ","1962":" ","1963":"c","1964":"o","1965":"n","1966":"s","1967":"t","1968":" ","1969":"[","1970":"c","1971":"a","1972":"n","1973":"C","1974":"l","1975":"a","1976":"i","1977":"m","1978":"]","1979":" ","1980":"=","1981":" ","1982":"a","1983":"w","1984":"a","1985":"i","1986":"t","1987":" ","1988":"c","1989":"o","1990":"n","1991":"t","1992":"r","1993":"a","1994":"c","1995":"t","1996":".","1997":"c","1998":"a","1999":"n","2000":"C","2001":"l","2002":"a","2003":"i","2004":"m","2005":"(","2006":"i","2007":",","2008":" ","2009":"a","2010":"c","2011":"c","2012":"o","2013":"u","2014":"n","2015":"t","2016":")","2017":"\\","2018":"n","2019":" ","2020":" ","2021":" ","2022":" ","2023":" ","2024":" ","2025":" ","2026":" ","2027":" ","2028":" ","2029":" ","2030":" ","2031":"e","2032":"n","2033":"v","2034":"e","2035":"l","2036":"o","2037":"p","2038":"e","2039":".","2040":"c","2041":"a","2042":"n","2043":"C","2044":"l","2045":"a","2046":"i","2047":"m","2048":" ","2049":"=","2050":" ","2051":"c","2052":"a","2053":"n","2054":"C","2055":"l","2056":"a","2057":"i","2058":"m","2059":"\\","2060":"n","2061":" ","2062":" ","2063":" ","2064":" ","2065":" ","2066":" ","2067":" ","2068":" ","2069":" ","2070":" ","2071":"}","2072":"\\","2073":"n","2074":"\\","2075":"n","2076":" ","2077":" ","2078":" ","2079":" ","2080":" ","2081":" ","2082":" ","2083":" ","2084":" ","2085":" ","2086":"e","2087":"n","2088":"v","2089":"e","2090":"l","2091":"o","2092":"p","2093":"e","2094":"L","2095":"i","2096":"s","2097":"t","2098":".","2099":"p","2100":"u","2101":"s","2102":"h","2103":"(","2104":"e","2105":"n","2106":"v","2107":"e","2108":"l","2109":"o","2110":"p","2111":"e","2112":")","2113":"\\","2114":"n","2115":" ","2116":" ","2117":" ","2118":" ","2119":" ","2120":" ","2121":" ","2122":" ","2123":"}","2124":" ","2125":"c","2126":"a","2127":"t","2128":"c","2129":"h","2130":" ","2131":"(","2132":"e","2133":"r","2134":"r","2135":"o","2136":"r","2137":")","2138":" ","2139":"{","2140":"\\","2141":"n","2142":" ","2143":" ","2144":" ","2145":" ","2146":" ","2147":" ","2148":" ","2149":" ","2150":" ","2151":" ","2152":"c","2153":"o","2154":"n","2155":"s","2156":"o","2157":"l","2158":"e","2159":".","2160":"e","2161":"r","2162":"r","2163":"o","2164":"r","2165":"(","2166":"`","2167":"E","2168":"r","2169":"r","2170":"o","2171":"r","2172":" ","2173":"f","2174":"e","2175":"t","2176":"c","2177":"h","2178":"i","2179":"n","2180":"g","2181":" ","2182":"e","2183":"n","2184":"v","2185":"e","2186":"l","2187":"o","2188":"p","2189":"e","2190":" ","2191":"$","2192":"{","2193":"i","2194":"}","2195":":","2196":"`","2197":",","2198":" ","2199":"e","2200":"r","2201":"r","2202":"o","2203":"r","2204":")","2205":"\\","2206":"n","2207":" ","2208":" ","2209":" ","2210":" ","2211":" ","2212":" ","2213":" ","2214":" ","2215":"}","2216":"\\","2217":"n","2218":" ","2219":" ","2220":" ","2221":" ","2222":" ","2223":" ","2224":"}","2225":"\\","2226":"n","2227":"\\","2228":"n","2229":" ","2230":" ","2231":" ","2232":" ","2233":" ","2234":" ","2235":"e","2236":"n","2237":"v","2238":"e","2239":"l","2240":"o","2241":"p","2242":"e","2243":"L","2244":"i","2245":"s","2246":"t","2247":".","2248":"s","2249":"o","2250":"r","2251":"t","2252":"(","2253":"(","2254":"a","2255":",","2256":" ","2257":"b","2258":")","2259":" ","2260":"=","2261":">","2262":" ","2263":"b","2264":".","2265":"i","2266":"d","2267":" ","2268":"-","2269":" ","2270":"a","2271":".","2272":"i","2273":"d","2274":")","2275":"\\","2276":"n","2277":" ","2278":" ","2279":" ","2280":" ","2281":" ","2282":" ","2283":"s","2284":"e","2285":"t","2286":"E","2287":"n","2288":"v","2289":"e","2290":"l","2291":"o","2292":"p","2293":"e","2294":"s","2295":"(","2296":"e","2297":"n","2298":"v","2299":"e","2300":"l","2301":"o","2302":"p","2303":"e","2304":"L","2305":"i","2306":"s","2307":"t","2308":")","2309":"\\","2310":"n","2311":" ","2312":" ","2313":" ","2314":" ","2315":"}","2316":" ","2317":"c","2318":"a","2319":"t","2320":"c","2321":"h","2322":" ","2323":"(","2324":"e","2325":"r","2326":"r","2327":"o","2328":"r","2329":")","2330":" ","2331":"{","2332":"\\","2333":"n","2334":" ","2335":" ","2336":" ","2337":" ","2338":" ","2339":" ","2340":"c","2341":"o","2342":"n","2343":"s","2344":"o","2345":"l","2346":"e","2347":".","2348":"e","2349":"r","2350":"r","2351":"o","2352":"r","2353":"(","2354":"'","2355":"E","2356":"r","2357":"r","2358":"o","2359":"r","2360":":","2361":"'","2362":",","2363":" ","2364":"e","2365":"r","2366":"r","2367":"o","2368":"r","2369":")","2370":"\\","2371":"n","2372":" ","2373":" ","2374":" ","2375":" ","2376":" ","2377":" ","2378":"t","2379":"o","2380":"a","2381":"s","2382":"t","2383":".","2384":"e","2385":"r","2386":"r","2387":"o","2388":"r","2389":"(","2390":"'","2391":"获","2392":"取","2393":"红","2394":"包","2395":"列","2396":"表","2397":"失","2398":"败","2399":"'","2400":")","2401":"\\","2402":"n","2403":" ","2404":" ","2405":" ","2406":" ","2407":"}","2408":" ","2409":"f","2410":"i","2411":"n","2412":"a","2413":"l","2414":"l","2415":"y","2416":" ","2417":"{","2418":"\\","2419":"n","2420":" ","2421":" ","2422":" ","2423":" ","2424":" ","2425":" ","2426":"s","2427":"e","2428":"t","2429":"I","2430":"s","2431":"L","2432":"o","2433":"a","2434":"d","2435":"i","2436":"n","2437":"g","2438":"(","2439":"f","2440":"a","2441":"l","2442":"s","2443":"e","2444":")","2445":"\\","2446":"n","2447":" ","2448":" ","2449":" ","2450":" ","2451":"}","2452":"\\","2453":"n","2454":" ","2455":" ","2456":"}","2457":"\\","2458":"n","2459":"\\","2460":"n","2461":" ","2462":" ","2463":"u","2464":"s","2465":"e","2466":"E","2467":"f","2468":"f","2469":"e","2470":"c","2471":"t","2472":"(","2473":"(","2474":")","2475":" ","2476":"=","2477":">","2478":" ","2479":"{","2480":"\\","2481":"n","2482":" ","2483":" ","2484":" ","2485":" ","2486":"i","2487":"f","2488":" ","2489":"(","2490":"c","2491":"o","2492":"n","2493":"t","2494":"r","2495":"a","2496":"c","2497":"t","2498":")","2499":" ","2500":"{","2501":"\\","2502":"n","2503":" ","2504":" ","2505":" ","2506":" ","2507":" ","2508":" ","2509":"f","2510":"e","2511":"t","2512":"c","2513":"h","2514":"E","2515":"n","2516":"v","2517":"e","2518":"l","2519":"o","2520":"p","2521":"e","2522":"s","2523":"(","2524":")","2525":"\\","2526":"n","2527":" ","2528":" ","2529":" ","2530":" ","2531":" ","2532":" ","2533":"c","2534":"o","2535":"n","2536":"s","2537":"t","2538":" ","2539":"i","2540":"n","2541":"t","2542":"e","2543":"r","2544":"v","2545":"a","2546":"l","2547":" ","2548":"=","2549":" ","2550":"s","2551":"e","2552":"t","2553":"I","2554":"n","2555":"t","2556":"e","2557":"r","2558":"v","2559":"a","2560":"l","2561":"(","2562":"f","2563":"e","2564":"t","2565":"c","2566":"h","2567":"E","2568":"n","2569":"v","2570":"e","2571":"l","2572":"o","2573":"p","2574":"e","2575":"s","2576":",","2577":" ","2578":"1","2579":"0","2580":"0","2581":"0","2582":"0","2583":")","2584":"\\","2585":"n","2586":" ","2587":" ","2588":" ","2589":" ","2590":" ","2591":" ","2592":"r","2593":"e","2594":"t","2595":"u","2596":"r","2597":"n","2598":" ","2599":"(","2600":")","2601":" ","2602":"=","2603":">","2604":" ","2605":"c","2606":"l","2607":"e","2608":"a","2609":"r","2610":"I","2611":"n","2612":"t","2613":"e","2614":"r","2615":"v","2616":"a","2617":"l","2618":"(","2619":"i","2620":"n","2621":"t","2622":"e","2623":"r","2624":"v","2625":"a","2626":"l","2627":")","2628":"\\","2629":"n","2630":" ","2631":" ","2632":" ","2633":" ","2634":"}","2635":"\\","2636":"n","2637":" ","2638":" ","2639":"}","2640":",","2641":" ","2642":"[","2643":"c","2644":"o","2645":"n","2646":"t","2647":"r","2648":"a","2649":"c","2650":"t","2651":",","2652":" ","2653":"a","2654":"c","2655":"c","2656":"o","2657":"u","2658":"n","2659":"t","2660":"]","2661":")","2662":"\\","2663":"n","2664":"\\","2665":"n","2666":" ","2667":" ","2668":"c","2669":"o","2670":"n","2671":"s","2672":"t","2673":" ","2674":"c","2675":"o","2676":"m","2677":"p","2678":"u","2679":"t","2680":"e","2681":"d","2682":"E","2683":"n","2684":"v","2685":"e","2686":"l","2687":"o","2688":"p","2689":"e","2690":"s","2691":" ","2692":"=","2693":" ","2694":"u","2695":"s","2696":"e","2697":"M","2698":"e","2699":"m","2700":"o","2701":"(","2702":"(","2703":")","2704":" ","2705":"=","2706":">","2707":"\\","2708":"n","2709":" ","2710":" ","2711":" ","2712":" ","2713":"e","2714":"n","2715":"v","2716":"e","2717":"l","2718":"o","2719":"p","2720":"e","2721":"s","2722":".","2723":"m","2724":"a","2725":"p","2726":"(","2727":"(","2728":"e","2729":"n","2730":"v","2731":"e","2732":"l","2733":"o","2734":"p","2735":"e","2736":")","2737":" ","2738":"=","2739":">","2740":" ","2741":"(","2742":"{","2743":"\\","2744":"n","2745":" ","2746":" ","2747":" ","2748":" ","2749":" ","2750":" ","2751":".","2752":".","2753":".","2754":"e","2755":"n","2756":"v","2757":"e","2758":"l","2759":"o","2760":"p","2761":"e","2762":",","2763":"\\","2764":"n","2765":" ","2766":" ","2767":" ","2768":" ","2769":" ","2770":" ","2771":"s","2772":"t","2773":"a","2774":"t","2775":"u","2776":"s","2777":":","2778":" ","2779":"g","2780":"e","2781":"t","2782":"E","2783":"n","2784":"v","2785":"e","2786":"l","2787":"o","2788":"p","2789":"e","2790":"S","2791":"t","2792":"a","2793":"t","2794":"u","2795":"s","2796":"(","2797":"{","2798":"\\","2799":"n","2800":" ","2801":" ","2802":" ","2803":" ","2804":" ","2805":" ","2806":" ","2807":" ","2808":"r","2809":"e","2810":"m","2811":"a","2812":"i","2813":"n","2814":"i","2815":"n","2816":"g","2817":"C","2818":"o","2819":"u","2820":"n","2821":"t","2822":":","2823":" ","2824":"e","2825":"n","2826":"v","2827":"e","2828":"l","2829":"o","2830":"p","2831":"e","2832":".","2833":"r","2834":"e","2835":"m","2836":"a","2837":"i","2838":"n","2839":"i","2840":"n","2841":"g","2842":"C","2843":"o","2844":"u","2845":"n","2846":"t","2847":",","2848":"\\","2849":"n","2850":" ","2851":" ","2852":" ","2853":" ","2854":" ","2855":" ","2856":" ","2857":" ","2858":"t","2859":"o","2860":"t","2861":"a","2862":"l","2863":"C","2864":"o","2865":"u","2866":"n","2867":"t","2868":":","2869":" ","2870":"e","2871":"n","2872":"v","2873":"e","2874":"l","2875":"o","2876":"p","2877":"e","2878":".","2879":"t","2880":"o","2881":"t","2882":"a","2883":"l","2884":"C","2885":"o","2886":"u","2887":"n","2888":"t","2889":",","2890":"\\","2891":"n","2892":" ","2893":" ","2894":" ","2895":" ","2896":" ","2897":" ","2898":" ","2899":" ","2900":"e","2901":"x","2902":"p","2903":"i","2904":"r","2905":"e","2906":"s","2907":"A","2908":"t","2909":":","2910":" ","2911":"e","2912":"n","2913":"v","2914":"e","2915":"l","2916":"o","2917":"p","2918":"e","2919":".","2920":"e","2921":"x","2922":"p","2923":"i","2924":"r","2925":"e","2926":"s","2927":"A","2928":"t","2929":",","2930":"\\","2931":"n","2932":" ","2933":" ","2934":" ","2935":" ","2936":" ","2937":" ","2938":" ","2939":" ","2940":"i","2941":"s","2942":"A","2943":"c","2944":"t","2945":"i","2946":"v","2947":"e","2948":":","2949":" ","2950":"e","2951":"n","2952":"v","2953":"e","2954":"l","2955":"o","2956":"p","2957":"e","2958":".","2959":"i","2960":"s","2961":"A","2962":"c","2963":"t","2964":"i","2965":"v","2966":"e","2967":",","2968":"\\","2969":"n","2970":" ","2971":" ","2972":" ","2973":" ","2974":" ","2975":" ","2976":" ","2977":" ","2978":"h","2979":"a","2980":"s","2981":"C","2982":"l","2983":"a","2984":"i","2985":"m","2986":"e","2987":"d","2988":":","2989":" ","2990":"e","2991":"n","2992":"v","2993":"e","2994":"l","2995":"o","2996":"p","2997":"e","2998":".","2999":"h","3000":"a","3001":"s","3002":"C","3003":"l","3004":"a","3005":"i","3006":"m","3007":"e","3008":"d","3009":",","3010":"\\","3011":"n","3012":" ","3013":" ","3014":" ","3015":" ","3016":" ","3017":" ","3018":" ","3019":" ","3020":"c","3021":"a","3022":"n","3023":"C","3024":"l","3025":"a","3026":"i","3027":"m","3028":":","3029":" ","3030":"e","3031":"n","3032":"v","3033":"e","3034":"l","3035":"o","3036":"p","3037":"e","3038":".","3039":"c","3040":"a","3041":"n","3042":"C","3043":"l","3044":"a","3045":"i","3046":"m","3047":",","3048":"\\","3049":"n","3050":" ","3051":" ","3052":" ","3053":" ","3054":" ","3055":" ","3056":"}","3057":")","3058":",","3059":"\\","3060":"n","3061":" ","3062":" ","3063":" ","3064":" ","3065":"}","3066":")","3067":")","3068":",","3069":"\\","3070":"n","3071":" ","3072":" ","3073":"[","3074":"e","3075":"n","3076":"v","3077":"e","3078":"l","3079":"o","3080":"p","3081":"e","3082":"s","3083":"]","3084":")","3085":"\\","3086":"n","3087":"\\","3088":"n","3089":" ","3090":" ","3091":"i","3092":"f","3093":" ","3094":"(","3095":"i","3096":"s","3097":"L","3098":"o","3099":"a","3100":"d","3101":"i","3102":"n","3103":"g","3104":" ","3105":"&","3106":"&","3107":" ","3108":"e","3109":"n","3110":"v","3111":"e","3112":"l","3113":"o","3114":"p","3115":"e","3116":"s","3117":".","3118":"l","3119":"e","3120":"n","3121":"g","3122":"t","3123":"h","3124":" ","3125":"=","3126":"=","3127":"=","3128":" ","3129":"0","3130":")","3131":" ","3132":"{","3133":"\\","3134":"n","3135":" ","3136":" ","3137":" ","3138":" ","3139":"r","3140":"e","3141":"t","3142":"u","3143":"r","3144":"n","3145":" ","3146":"(","3147":"\\","3148":"n","3149":" ","3150":" ","3151":" ","3152":" ","3153":" ","3154":" ","3155":"<","3156":"d","3157":"i","3158":"v","3159":" ","3160":"c","3161":"l","3162":"a","3163":"s","3164":"s","3165":"N","3166":"a","3167":"m","3168":"e","3169":"=","3170":"\\","3171":"\"","3172":"b","3173":"g","3174":"-","3175":"w","3176":"h","3177":"i","3178":"t","3179":"e","3180":" ","3181":"r","3182":"o","3183":"u","3184":"n","3185":"d","3186":"e","3187":"d","3188":"-","3189":"x","3190":"l","3191":" ","3192":"s","3193":"h","3194":"a","3195":"d","3196":"o","3197":"w","3198":"-","3199":"l","3200":"g","3201":" ","3202":"p","3203":"-","3204":"8","3205":" ","3206":"t","3207":"e","3208":"x","3209":"t","3210":"-","3211":"c","3212":"e","3213":"n","3214":"t","3215":"e","3216":"r","3217":"\\","3218":"\"","3219":">","3220":"\\","3221":"n","3222":" ","3223":" ","3224":" ","3225":" ","3226":" ","3227":" ","3228":" ","3229":" ","3230":"<","3231":"d","3232":"i","3233":"v","3234":" ","3235":"c","3236":"l","3237":"a","3238":"s","3239":"s","3240":"N","3241":"a","3242":"m","3243":"e","3244":"=","3245":"\\","3246":"\"","3247":"a","3248":"n","3249":"i","3250":"m","3251":"a","3252":"t","3253":"e","3254":"-","3255":"s","3256":"p","3257":"i","3258":"n","3259":" ","3260":"h","3261":"-","3262":"8","3263":" ","3264":"w","3265":"-","3266":"8","3267":" ","3268":"b","3269":"o","3270":"r","3271":"d","3272":"e","3273":"r","3274":"-","3275":"4","3276":" ","3277":"b","3278":"o","3279":"r","3280":"d","3281":"e","3282":"r","3283":"-","3284":"r","3285":"e","3286":"d","3287":"-","3288":"5","3289":"0","3290":"0","3291":" ","3292":"b","3293":"o","3294":"r","3295":"d","3296":"e","3297":"r","3298":"-","3299":"t","3300":"-","3301":"t","3302":"r","3303":"a","3304":"n","3305":"s","3306":"p","3307":"a","3308":"r","3309":"e","3310":"n","3311":"t","3312":" ","3313":"r","3314":"o","3315":"u","3316":"n","3317":"d","3318":"e","3319":"d","3320":"-","3321":"f","3322":"u","3323":"l","3324":"l","3325":" ","3326":"m","3327":"x","3328":"-","3329":"a","3330":"u","3331":"t","3332":"o","3333":" ","3334":"m","3335":"b","3336":"-","3337":"4","3338":"\\","3339":"\"","3340":">","3341":"<","3342":"/","3343":"d","3344":"i","3345":"v","3346":">","3347":"\\","3348":"n","3349":" ","3350":" ","3351":" ","3352":" ","3353":" ","3354":" ","3355":" ","3356":" ","3357":"<","3358":"p","3359":" ","3360":"c","3361":"l","3362":"a","3363":"s","3364":"s","3365":"N","3366":"a","3367":"m","3368":"e","3369":"=","3370":"\\","3371":"\"","3372":"t","3373":"e","3374":"x","3375":"t","3376":"-","3377":"g","3378":"r","3379":"a","3380":"y","3381":"-","3382":"5","3383":"0","3384":"0","3385":"\\","3386":"\"","3387":">","3388":"加","3389":"载","3390":"红","3391":"包","3392":"列","3393":"表","3394":".","3395":".","3396":".","3397":"<","3398":"/","3399":"p","3400":">","3401":"\\","3402":"n","3403":" ","3404":" ","3405":" ","3406":" ","3407":" ","3408":" ","3409":"<","3410":"/","3411":"d","3412":"i","3413":"v","3414":">","3415":"\\","3416":"n","3417":" ","3418":" ","3419":" ","3420":" ","3421":")","3422":"\\","3423":"n","3424":" ","3425":" ","3426":"}","3427":"\\","3428":"n","3429":"\\","3430":"n","3431":" ","3432":" ","3433":"r","3434":"e","3435":"t","3436":"u","3437":"r","3438":"n","3439":" ","3440":"(","3441":"\\","3442":"n","3443":" ","3444":" ","3445":" ","3446":" ","3447":"<","3448":"d","3449":"i","3450":"v","3451":" ","3452":"c","3453":"l","3454":"a","3455":"s","3456":"s","3457":"N","3458":"a","3459":"m","3460":"e","3461":"=","3462":"\\","3463":"\"","3464":"s","3465":"p","3466":"a","3467":"c","3468":"e","3469":"-","3470":"y","3471":"-","3472":"4","3473":"\\","3474":"\"","3475":">","3476":"\\","3477":"n","3478":" ","3479":" ","3480":" ","3481":" ","3482":" ","3483":" ","3484":"<","3485":"d","3486":"i","3487":"v","3488":" ","3489":"c","3490":"l","3491":"a","3492":"s","3493":"s","3494":"N","3495":"a","3496":"m","3497":"e","3498":"=","3499":"\\","3500":"\"","3501":"f","3502":"l","3503":"e","3504":"x","3505":" ","3506":"j","3507":"u","3508":"s","3509":"t","3510":"i","3511":"f","3512":"y","3513":"-","3514":"b","3515":"e","3516":"t","3517":"w","3518":"e","3519":"e","3520":"n","3521":" ","3522":"i","3523":"t","3524":"e","3525":"m","3526":"s","3527":"-","3528":"c","3529":"e","3530":"n","3531":"t","3532":"e","3533":"r","3534":"\\","3535":"\"","3536":">","3537":"\\","3538":"n","3539":" ","3540":" ","3541":" ","3542":" ","3543":" ","3544":" ","3545":" ","3546":" ","3547":"<","3548":"h","3549":"2","3550":" ","3551":"c","3552":"l","3553":"a","3554":"s","3555":"s","3556":"N","3557":"a","3558":"m","3559":"e","3560":"=","3561":"\\","3562":"\"","3563":"t","3564":"e","3565":"x","3566":"t","3567":"-","3568":"2","3569":"x","3570":"l","3571":" ","3572":"f","3573":"o","3574":"n","3575":"t","3576":"-","3577":"b","3578":"o","3579":"l","3580":"d","3581":" ","3582":"f","3583":"l","3584":"e","3585":"x","3586":" ","3587":"i","3588":"t","3589":"e","3590":"m","3591":"s","3592":"-","3593":"c","3594":"e","3595":"n","3596":"t","3597":"e","3598":"r","3599":"\\","3600":"\"","3601":">","3602":"\\","3603":"n","3604":" ","3605":" ","3606":" ","3607":" ","3608":" ","3609":" ","3610":" ","3611":" ","3612":" ","3613":" ","3614":"<","3615":"s","3616":"p","3617":"a","3618":"n","3619":" ","3620":"c","3621":"l","3622":"a","3623":"s","3624":"s","3625":"N","3626":"a","3627":"m","3628":"e","3629":"=","3630":"\\","3631":"\"","3632":"t","3633":"e","3634":"x","3635":"t","3636":"-","3637":"3","3638":"x","3639":"l","3640":" ","3641":"m","3642":"r","3643":"-","3644":"2","3645":"\\","3646":"\"","3647":">","3648":"\ud83e","3649":"\udde7","3650":"<","3651":"/","3652":"s","3653":"p","3654":"a","3655":"n","3656":">","3657":"\\","3658":"n","3659":" ","3660":" ","3661":" ","3662":" ","3663":" ","3664":" ","3665":" ","3666":" ","3667":" ","3668":" ","3669":"红","3670":"包","3671":"列","3672":"表","3673":"\\","3674":"n","3675":" ","3676":" ","3677":" ","3678":" ","3679":" ","3680":" ","3681":" ","3682":" ","3683":"<","3684":"/","3685":"h","3686":"2","3687":">","3688":"\\","3689":"n","3690":" ","3691":" ","3692":" ","3693":" ","3694":" ","3695":" ","3696":" ","3697":" ","3698":"<","3699":"b","3700":"u","3701":"t","3702":"t","3703":"o","3704":"n","3705":"\\","3706":"n","3707":" ","3708":" ","3709":" ","3710":" ","3711":" ","3712":" ","3713":" ","3714":" ","3715":" ","3716":" ","3717":"o","3718":"n","3719":"C","3720":"l","3721":"i","3722":"c","3723":"k","3724":"=","3725":"{","3726":"f","3727":"e","3728":"t","3729":"c","3730":"h","3731":"E","3732":"n","3733":"v","3734":"e","3735":"l","3736":"o","3737":"p","3738":"e","3739":"s","3740":"}","3741":"\\","3742":"n","3743":" ","3744":" ","3745":" ","3746":" ","3747":" ","3748":" ","3749":" ","3750":" ","3751":" ","3752":" ","3753":"d","3754":"i","3755":"s","3756":"a","3757":"b","3758":"l","3759":"e","3760":"d","3761":"=","3762":"{","3763":"i","3764":"s","3765":"L","3766":"o","3767":"a","3768":"d","3769":"i","3770":"n","3771":"g","3772":"}","3773":"\\","3774":"n","3775":" ","3776":" ","3777":" ","3778":" ","3779":" ","3780":" ","3781":" ","3782":" ","3783":" ","3784":" ","3785":"c","3786":"l","3787":"a","3788":"s","3789":"s","3790":"N","3791":"a","3792":"m","3793":"e","3794":"=","3795":"\\","3796":"\"","3797":"p","3798":"x","3799":"-","3800":"4","3801":" ","3802":"p","3803":"y","3804":"-","3805":"2","3806":" ","3807":"b","3808":"g","3809":"-","3810":"g","3811":"r","3812":"a","3813":"y","3814":"-","3815":"1","3816":"0","3817":"0","3818":" ","3819":"t","3820":"e","3821":"x","3822":"t","3823":"-","3824":"g","3825":"r","3826":"a","3827":"y","3828":"-","3829":"7","3830":"0","3831":"0","3832":" ","3833":"r","3834":"o","3835":"u","3836":"n","3837":"d","3838":"e","3839":"d","3840":"-","3841":"l","3842":"g","3843":" ","3844":"h","3845":"o","3846":"v","3847":"e","3848":"r","3849":":","3850":"b","3851":"g","3852":"-","3853":"g","3854":"r","3855":"a","3856":"y","3857":"-","3858":"2","3859":"0","3860":"0","3861":" ","3862":"t","3863":"r","3864":"a","3865":"n","3866":"s","3867":"i","3868":"t","3869":"i","3870":"o","3871":"n","3872":"-","3873":"c","3874":"o","3875":"l","3876":"o","3877":"r","3878":"s","3879":" ","3880":"d","3881":"i","3882":"s","3883":"a","3884":"b","3885":"l","3886":"e","3887":"d","3888":":","3889":"o","3890":"p","3891":"a","3892":"c","3893":"i","3894":"t","3895":"y","3896":"-","3897":"5","3898":"0","3899":"\\","3900":"\"","3901":"\\","3902":"n","3903":" ","3904":" ","3905":" ","3906":" ","3907":" ","3908":" ","3909":" ","3910":" ","3911":">","3912":"\\","3913":"n","3914":" ","3915":" ","3916":" ","3917":" ","3918":" ","3919":" ","3920":" ","3921":" ","3922":" ","3923":" ","3924":"{","3925":"i","3926":"s","3927":"L","3928":"o","3929":"a","3930":"d","3931":"i","3932":"n","3933":"g","3934":" ","3935":"?","3936":" ","3937":"'","3938":"刷","3939":"新","3940":"中","3941":".","3942":".","3943":".","3944":"'","3945":" ","3946":":","3947":" ","3948":"'","3949":"刷","3950":"新","3951":"'","3952":"}","3953":"\\","3954":"n","3955":" ","3956":" ","3957":" ","3958":" ","3959":" ","3960":" ","3961":" ","3962":" ","3963":"<","3964":"/","3965":"b","3966":"u","3967":"t","3968":"t","3969":"o","3970":"n","3971":">","3972":"\\","3973":"n","3974":" ","3975":" ","3976":" ","3977":" ","3978":" ","3979":" ","3980":"<","3981":"/","3982":"d","3983":"i","3984":"v","3985":">","3986":"\\","3987":"n","3988":"\\","3989":"n","3990":" ","3991":" ","3992":" ","3993":" ","3994":" ","3995":" ","3996":"{","3997":"c","3998":"o","3999":"m","4000":"p","4001":"u","4002":"t","4003":"e","4004":"d","4005":"E","4006":"n","4007":"v","4008":"e","4009":"l","4010":"o","4011":"p","4012":"e","4013":"s","4014":".","4015":"l","4016":"e","4017":"n","4018":"g","4019":"t","4020":"h","4021":" ","4022":"=","4023":"=","4024":"=","4025":" ","4026":"0","4027":" ","4028":"?","4029":" ","4030":"(","4031":"\\","4032":"n","4033":" ","4034":" ","4035":" ","4036":" ","4037":" ","4038":" ","4039":" ","4040":" ","4041":"<","4042":"d","4043":"i","4044":"v","4045":" ","4046":"c","4047":"l","4048":"a","4049":"s","4050":"s","4051":"N","4052":"a","4053":"m","4054":"e","4055":"=","4056":"\\","4057":"\"","4058":"b","4059":"g","4060":"-","4061":"w","4062":"h","4063":"i","4064":"t","4065":"e","4066":" ","4067":"r","4068":"o","4069":"u","4070":"n","4071":"d","4072":"e","4073":"d","4074":"-","4075":"x","4076":"l","4077":" ","4078":"s","4079":"h","4080":"a","4081":"d","4082":"o","4083":"w","4084":"-","4085":"l","4086":"g","4087":" ","4088":"p","4089":"-","4090":"8","4091":" ","4092":"t","4093":"e","4094":"x","4095":"t","4096":"-","4097":"c","4098":"e","4099":"n","4100":"t","4101":"e","4102":"r","4103":"\\","4104":"\"","4105":">","4106":"\\","4107":"n","4108":" ","4109":" ","4110":" ","4111":" ","4112":" ","4113":" ","4114":" ","4115":" ","4116":" ","4117":" ","4118":"<","4119":"s","4120":"p","4121":"a","4122":"n","4123":" ","4124":"c","4125":"l","4126":"a","4127":"s","4128":"s","4129":"N","4130":"a","4131":"m","4132":"e","4133":"=","4134":"\\","4135":"\"","4136":"t","4137":"e","4138":"x","4139":"t","4140":"-","4141":"6","4142":"x","4143":"l","4144":"\\","4145":"\"","4146":">","4147":"\ud83d","4148":"\udced","4149":"<","4150":"/","4151":"s","4152":"p","4153":"a","4154":"n","4155":">","4156":"\\","4157":"n","4158":" ","4159":" ","4160":" ","4161":" ","4162":" ","4163":" ","4164":" ","4165":" ","4166":" ","4167":" ","4168":"<","4169":"p","4170":" ","4171":"c","4172":"l","4173":"a","4174":"s","4175":"s","4176":"N","4177":"a","4178":"m","4179":"e","4180":"=","4181":"\\","4182":"\"","4183":"t","4184":"e","4185":"x","4186":"t","4187":"-","4188":"g","4189":"r","4190":"a","4191":"y","4192":"-","4193":"5","4194":"0","4195":"0","4196":" ","4197":"m","4198":"t","4199":"-","4200":"4","4201":"\\","4202":"\"","4203":">","4204":"暂","4205":"无","4206":"红","4207":"包","4208":"<","4209":"/","4210":"p","4211":">","4212":"\\","4213":"n","4214":" ","4215":" ","4216":" ","4217":" ","4218":" ","4219":" ","4220":" ","4221":" ","4222":"<","4223":"/","4224":"d","4225":"i","4226":"v","4227":">","4228":"\\","4229":"n","4230":" ","4231":" ","4232":" ","4233":" ","4234":" ","4235":" ","4236":")","4237":" ","4238":":","4239":" ","4240":"(","4241":"\\","4242":"n","4243":" ","4244":" ","4245":" ","4246":" ","4247":" ","4248":" ","4249":" ","4250":" ","4251":"<","4252":"d","4253":"i","4254":"v","4255":" ","4256":"c","4257":"l","4258":"a","4259":"s","4260":"s","4261":"N","4262":"a","4263":"m","4264":"e","4265":"=","4266":"\\","4267":"\"","4268":"g","4269":"r","4270":"i","4271":"d","4272":" ","4273":"g","4274":"r","4275":"i","4276":"d","4277":"-","4278":"c","4279":"o","4280":"l","4281":"s","4282":"-","4283":"1","4284":" ","4285":"m","4286":"d","4287":":","4288":"g","4289":"r","4290":"i","4291":"d","4292":"-","4293":"c","4294":"o","4295":"l","4296":"s","4297":"-","4298":"2","4299":" ","4300":"l","4301":"g","4302":":","4303":"g","4304":"r","4305":"i","4306":"d","4307":"-","4308":"c","4309":"o","4310":"l","4311":"s","4312":"-","4313":"3","4314":" ","4315":"g","4316":"a","4317":"p","4318":"-","4319":"4","4320":"\\","4321":"\"","4322":">","4323":"\\","4324":"n","4325":" ","4326":" ","4327":" ","4328":" ","4329":" ","4330":" ","4331":" ","4332":" ","4333":" ","4334":" ","4335":"{","4336":"c","4337":"o","4338":"m","4339":"p","4340":"u","4341":"t","4342":"e","4343":"d","4344":"E","4345":"n","4346":"v","4347":"e","4348":"l","4349":"o","4350":"p","4351":"e","4352":"s","4353":".","4354":"m","4355":"a","4356":"p","4357":"(","4358":"(","4359":"e","4360":"n","4361":"v","4362":"e","4363":"l","4364":"o","4365":"p","4366":"e","4367":")","4368":" ","4369":"=","4370":">","4371":" ","4372":"(","4373":"\\","4374":"n","4375":" ","4376":" ","4377":" ","4378":" ","4379":" ","4380":" ","4381":" ","4382":" ","4383":" ","4384":" ","4385":" ","4386":" ","4387":"<","4388":"d","4389":"i","4390":"v","4391":"\\","4392":"n","4393":" ","4394":" ","4395":" ","4396":" ","4397":" ","4398":" ","4399":" ","4400":" ","4401":" ","4402":" ","4403":" ","4404":" ","4405":" ","4406":" ","4407":"k","4408":"e","4409":"y","4410":"=","4411":"{","4412":"e","4413":"n","4414":"v","4415":"e","4416":"l","4417":"o","4418":"p","4419":"e","4420":".","4421":"i","4422":"d","4423":"}","4424":"\\","4425":"n","4426":" ","4427":" ","4428":" ","4429":" ","4430":" ","4431":" ","4432":" ","4433":" ","4434":" ","4435":" ","4436":" ","4437":" ","4438":" ","4439":" ","4440":"c","4441":"l","4442":"a","4443":"s","4444":"s","4445":"N","4446":"a","4447":"m","4448":"e","4449":"=","4450":"{","4451":"`","4452":"b","4453":"g","4454":"-","4455":"w","4456":"h","4457":"i","4458":"t","4459":"e","4460":" ","4461":"r","4462":"o","4463":"u","4464":"n","4465":"d","4466":"e","4467":"d","4468":"-","4469":"x","4470":"l","4471":" ","4472":"s","4473":"h","4474":"a","4475":"d","4476":"o","4477":"w","4478":"-","4479":"l","4480":"g","4481":" ","4482":"p","4483":"-","4484":"5","4485":" ","4486":"t","4487":"r","4488":"a","4489":"n","4490":"s","4491":"i","4492":"t","4493":"i","4494":"o","4495":"n","4496":"-","4497":"a","4498":"l","4499":"l","4500":" ","4501":"$","4502":"{","4503":"\\","4504":"n","4505":" ","4506":" ","4507":" ","4508":" ","4509":" ","4510":" ","4511":" ","4512":" ","4513":" ","4514":" ","4515":" ","4516":" ","4517":" ","4518":" ","4519":" ","4520":" ","4521":"e","4522":"n","4523":"v","4524":"e","4525":"l","4526":"o","4527":"p","4528":"e","4529":".","4530":"s","4531":"t","4532":"a","4533":"t","4534":"u","4535":"s","4536":".","4537":"c","4538":"a","4539":"n","4540":"G","4541":"r","4542":"a","4543":"b","4544":" ","4545":"?","4546":" ","4547":"'","4548":"h","4549":"o","4550":"v","4551":"e","4552":"r","4553":":","4554":"s","4555":"h","4556":"a","4557":"d","4558":"o","4559":"w","4560":"-","4561":"x","4562":"l","4563":" ","4564":"c","4565":"u","4566":"r","4567":"s","4568":"o","4569":"r","4570":"-","4571":"p","4572":"o","4573":"i","4574":"n","4575":"t","4576":"e","4577":"r","4578":"'","4579":" ","4580":":","4581":" ","4582":"'","4583":"o","4584":"p","4585":"a","4586":"c","4587":"i","4588":"t","4589":"y","4590":"-","4591":"7","4592":"5","4593":"'","4594":"\\","4595":"n","4596":" ","4597":" ","4598":" ","4599":" ","4600":" ","4601":" ","4602":" ","4603":" ","4604":" ","4605":" ","4606":" ","4607":" ","4608":" ","4609":" ","4610":"}","4611":"`","4612":"}","4613":"\\","4614":"n","4615":" ","4616":" ","4617":" ","4618":" ","4619":" ","4620":" ","4621":" ","4622":" ","4623":" ","4624":" ","4625":" ","4626":" ","4627":">","4628":"\\","4629":"n","4630":" ","4631":" ","4632":" ","4633":" ","4634":" ","4635":" ","4636":" ","4637":" ","4638":" ","4639":" ","4640":" ","4641":" ","4642":" ","4643":" ","4644":"<","4645":"d","4646":"i","4647":"v","4648":" ","4649":"c","4650":"l","4651":"a","4652":"s","4653":"s","4654":"N","4655":"a","4656":"m","4657":"e","4658":"=","4659":"\\","4660":"\"","4661":"f","4662":"l","4663":"e","4664":"x","4665":" ","4666":"j","4667":"u","4668":"s","4669":"t","4670":"i","4671":"f","4672":"y","4673":"-","4674":"b","4675":"e","4676":"t","4677":"w","4678":"e","4679":"e","4680":"n","4681":" ","4682":"i","4683":"t","4684":"e","4685":"m","4686":"s","4687":"-","4688":"s","4689":"t","4690":"a","4691":"r","4692":"t","4693":" ","4694":"m","4695":"b","4696":"-","4697":"3","4698":"\\","4699":"\"","4700":">","4701":"\\","4702":"n","4703":" ","4704":" ","4705":" ","4706":" ","4707":" ","4708":" ","4709":" ","4710":" ","4711":" ","4712":" ","4713":" ","4714":" ","4715":" ","4716":" ","4717":" ","4718":" ","4719":"<","4720":"d","4721":"i","4722":"v","4723":">","4724":"\\","4725":"n","4726":" ","4727":" ","4728":" ","4729":" ","4730":" ","4731":" ","4732":" ","4733":" ","4734":" ","4735":" ","4736":" ","4737":" ","4738":" ","4739":" ","4740":" ","4741":" ","4742":" ","4743":" ","4744":"<","4745":"p","4746":" ","4747":"c","4748":"l","4749":"a","4750":"s","4751":"s","4752":"N","4753":"a","4754":"m","4755":"e","4756":"=","4757":"\\","4758":"\"","4759":"f","4760":"o","4761":"n","4762":"t","4763":"-","4764":"s","4765":"e","4766":"m","4767":"i","4768":"b","4769":"o","4770":"l","4771":"d","4772":" ","4773":"t","4774":"e","4775":"x","4776":"t","4777":"-","4778":"l","4779":"g","4780":"\\","4781":"\"","4782":">","4783":"#","4784":"{","4785":"e","4786":"n","4787":"v","4788":"e","4789":"l","4790":"o","4791":"p","4792":"e","4793":".","4794":"i","4795":"d","4796":"}","4797":"<","4798":"/","4799":"p","4800":">","4801":"\\","4802":"n","4803":" ","4804":" ","4805":" ","4806":" ","4807":" ","4808":" ","4809":" ","4810":" ","4811":" ","4812":" ","4813":" ","4814":" ","4815":" ","4816":" ","4817":" ","4818":" ","4819":" ","4820":" ","4821":"<","4822":"p","4823":" ","4824":"c","4825":"l","4826":"a","4827":"s","4828":"s","4829":"N","4830":"a","4831":"m","4832":"e","4833":"=","4834":"\\","4835":"\"","4836":"t","4837":"e","4838":"x","4839":"t","4840":"-","4841":"s","4842":"m","4843":" ","4844":"t","4845":"e","4846":"x","4847":"t","4848":"-","4849":"g","4850":"r","4851":"a","4852":"y","4853":"-","4854":"5","4855":"0","4856":"0","4857":"\\","4858":"\"","4859":">","4860":"\\","4861":"n","4862":" ","4863":" ","4864":" ","4865":" ","4866":" ","4867":" ","4868":" ","4869":" ","4870":" ","4871":" ","4872":" ","4873":" ","4874":" ","4875":" ","4876":" ","4877":" ","4878":" ","4879":" ","4880":" ","4881":" ","4882":"{","4883":"e","4884":"n","4885":"v","4886":"e","4887":"l","4888":"o","4889":"p","4890":"e","4891":".","4892":"c","4893":"r","4894":"e","4895":"a","4896":"t","4897":"o","4898":"r","4899":".","4900":"s","4901":"l","4902":"i","4903":"c","4904":"e","4905":"(","4906":"0","4907":",","4908":" ","4909":"6","4910":")","4911":"}","4912":".","4913":".","4914":".","4915":"{","4916":"e","4917":"n","4918":"v","4919":"e","4920":"l","4921":"o","4922":"p","4923":"e","4924":".","4925":"c","4926":"r","4927":"e","4928":"a","4929":"t","4930":"o","4931":"r","4932":".","4933":"s","4934":"l","4935":"i","4936":"c","4937":"e","4938":"(","4939":"-","4940":"4","4941":")","4942":"}","4943":"\\","4944":"n","4945":" ","4946":" ","4947":" ","4948":" ","4949":" ","4950":" ","4951":" ","4952":" ","4953":" ","4954":" ","4955":" ","4956":" ","4957":" ","4958":" ","4959":" ","4960":" ","4961":" ","4962":" ","4963":"<","4964":"/","4965":"p","4966":">","4967":"\\","4968":"n","4969":" ","4970":" ","4971":" ","4972":" ","4973":" ","4974":" ","4975":" ","4976":" ","4977":" ","4978":" ","4979":" ","4980":" ","4981":" ","4982":" ","4983":" ","4984":" ","4985":"<","4986":"/","4987":"d","4988":"i","4989":"v","4990":">","4991":"\\","4992":"n","4993":" ","4994":" ","4995":" ","4996":" ","4997":" ","4998":" ","4999":" ","5000":" ","5001":" ","5002":" ","5003":" ","5004":" ","5005":" ","5006":" ","5007":" ","5008":" ","5009":"<","5010":"s","5011":"p","5012":"a","5013":"n","5014":" ","5015":"c","5016":"l","5017":"a","5018":"s","5019":"s","5020":"N","5021":"a","5022":"m","5023":"e","5024":"=","5025":"{","5026":"`","5027":"t","5028":"e","5029":"x","5030":"t","5031":"-","5032":"s","5033":"m","5034":" ","5035":"f","5036":"o","5037":"n","5038":"t","5039":"-","5040":"m","5041":"e","5042":"d","5043":"i","5044":"u","5045":"m","5046":" ","5047":"$","5048":"{","5049":"e","5050":"n","5051":"v","5052":"e","5053":"l","5054":"o","5055":"p","5056":"e","5057":".","5058":"s","5059":"t","5060":"a","5061":"t","5062":"u","5063":"s","5064":".","5065":"c","5066":"o","5067":"l","5068":"o","5069":"r","5070":"}","5071":"`","5072":"}","5073":">","5074":"\\","5075":"n","5076":" ","5077":" ","5078":" ","5079":" ","5080":" ","5081":" ","5082":" ","5083":" ","5084":" ","5085":" ","5086":" ","5087":" ","5088":" ","5089":" ","5090":" ","5091":" ","5092":" ","5093":" ","5094":"{","5095":"e","5096":"n","5097":"v","5098":"e","5099":"l","5100":"o","5101":"p","5102":"e","5103":".","5104":"s","5105":"t","5106":"a","5107":"t","5108":"u","5109":"s","5110":".","5111":"t","5112":"e","5113":"x","5114":"t","5115":"}","5116":"\\","5117":"n","5118":" ","5119":" ","5120":" ","5121":" ","5122":" ","5123":" ","5124":" ","5125":" ","5126":" ","5127":" ","5128":" ","5129":" ","5130":" ","5131":" ","5132":" ","5133":" ","5134":"<","5135":"/","5136":"s","5137":"p","5138":"a","5139":"n","5140":">","5141":"\\","5142":"n","5143":" ","5144":" ","5145":" ","5146":" ","5147":" ","5148":" ","5149":" ","5150":" ","5151":" ","5152":" ","5153":" ","5154":" ","5155":" ","5156":" ","5157":"<","5158":"/","5159":"d","5160":"i","5161":"v","5162":">","5163":"\\","5164":"n","5165":"\\","5166":"n","5167":" ","5168":" ","5169":" ","5170":" ","5171":" ","5172":" ","5173":" ","5174":" ","5175":" ","5176":" ","5177":" ","5178":" ","5179":" ","5180":" ","5181":"<","5182":"d","5183":"i","5184":"v","5185":" ","5186":"c","5187":"l","5188":"a","5189":"s","5190":"s","5191":"N","5192":"a","5193":"m","5194":"e","5195":"=","5196":"\\","5197":"\"","5198":"s","5199":"p","5200":"a","5201":"c","5202":"e","5203":"-","5204":"y","5205":"-","5206":"2","5207":" ","5208":"m","5209":"b","5210":"-","5211":"4","5212":"\\","5213":"\"","5214":">","5215":"\\","5216":"n","5217":" ","5218":" ","5219":" ","5220":" ","5221":" ","5222":" ","5223":" ","5224":" ","5225":" ","5226":" ","5227":" ","5228":" ","5229":" ","5230":" ","5231":" ","5232":" ","5233":"<","5234":"p","5235":" ","5236":"c","5237":"l","5238":"a","5239":"s","5240":"s","5241":"N","5242":"a","5243":"m","5244":"e","5245":"=","5246":"\\","5247":"\"","5248":"t","5249":"e","5250":"x","5251":"t","5252":"-","5253":"g","5254":"r","5255":"a","5256":"y","5257":"-","5258":"7","5259":"0","5260":"0","5261":" ","5262":"i","5263":"t","5264":"a","5265":"l","5266":"i","5267":"c","5268":"\\","5269":"\"","5270":">","5271":"\\","5272":"\"","5273":"{","5274":"e","5275":"n","5276":"v","5277":"e","5278":"l","5279":"o","5280":"p","5281":"e","5282":".","5283":"m","5284":"e","5285":"s","5286":"s","5287":"a","5288":"g","5289":"e","5290":"}","5291":"\\","5292":"\"","5293":"<","5294":"/","5295":"p","5296":">","5297":"\\","5298":"n","5299":" ","5300":" ","5301":" ","5302":" ","5303":" ","5304":" ","5305":" ","5306":" ","5307":" ","5308":" ","5309":" ","5310":" ","5311":" ","5312":" ","5313":" ","5314":" ","5315":"<","5316":"d","5317":"i","5318":"v","5319":" ","5320":"c","5321":"l","5322":"a","5323":"s","5324":"s","5325":"N","5326":"a","5327":"m","5328":"e","5329":"=","5330":"\\","5331":"\"","5332":"f","5333":"l","5334":"e","5335":"x","5336":" ","5337":"i","5338":"t","5339":"e","5340":"m","5341":"s","5342":"-","5343":"c","5344":"e","5345":"n","5346":"t","5347":"e","5348":"r","5349":" ","5350":"s","5351":"p","5352":"a","5353":"c","5354":"e","5355":"-","5356":"x","5357":"-","5358":"4","5359":" ","5360":"t","5361":"e","5362":"x","5363":"t","5364":"-","5365":"s","5366":"m","5367":" ","5368":"t","5369":"e","5370":"x","5371":"t","5372":"-","5373":"g","5374":"r","5375":"a","5376":"y","5377":"-","5378":"5","5379":"0","5380":"0","5381":"\\","5382":"\"","5383":">","5384":"\\","5385":"n","5386":" ","5387":" ","5388":" ","5389":" ","5390":" ","5391":" ","5392":" ","5393":" ","5394":" ","5395":" ","5396":" ","5397":" ","5398":" ","5399":" ","5400":" ","5401":" ","5402":" ","5403":" ","5404":"<","5405":"s","5406":"p","5407":"a","5408":"n","5409":">","5410":"{","5411":"e","5412":"n","5413":"v","5414":"e","5415":"l","5416":"o","5417":"p","5418":"e","5419":".","5420":"i","5421":"s","5422":"R","5423":"a","5424":"n","5425":"d","5426":"o","5427":"m","5428":" ","5429":"?","5430":" ","5431":"'","5432":"\ud83c","5433":"\udfb2","5434":" ","5435":"拼","5436":"手","5437":"气","5438":"'","5439":" ","5440":":","5441":" ","5442":"'","5443":"⚖","5444":"️","5445":" ","5446":"普","5447":"通","5448":"'","5449":"}","5450":"<","5451":"/","5452":"s","5453":"p","5454":"a","5455":"n","5456":">","5457":"\\","5458":"n","5459":" ","5460":" ","5461":" ","5462":" ","5463":" ","5464":" ","5465":" ","5466":" ","5467":" ","5468":" ","5469":" ","5470":" ","5471":" ","5472":" ","5473":" ","5474":" ","5475":" ","5476":" ","5477":"<","5478":"s","5479":"p","5480":"a","5481":"n","5482":">","5483":"{","5484":"N","5485":"u","5486":"m","5487":"b","5488":"e","5489":"r","5490":"(","5491":"e","5492":"n","5493":"v","5494":"e","5495":"l","5496":"o","5497":"p","5498":"e","5499":".","5500":"r","5501":"e","5502":"m","5503":"a","5504":"i","5505":"n","5506":"i","5507":"n","5508":"g","5509":"C","5510":"o","5511":"u","5512":"n","5513":"t","5514":")","5515":"}","5516":"/","5517":"{","5518":"N","5519":"u","5520":"m","5521":"b","5522":"e","5523":"r","5524":"(","5525":"e","5526":"n","5527":"v","5528":"e","5529":"l","5530":"o","5531":"p","5532":"e","5533":".","5534":"t","5535":"o","5536":"t","5537":"a","5538":"l","5539":"C","5540":"o","5541":"u","5542":"n","5543":"t","5544":")","5545":"}","5546":" ","5547":"个","5548":"<","5549":"/","5550":"s","5551":"p","5552":"a","5553":"n","5554":">","5555":"\\","5556":"n","5557":" ","5558":" ","5559":" ","5560":" ","5561":" ","5562":" ","5563":" ","5564":" ","5565":" ","5566":" ","5567":" ","5568":" ","5569":" ","5570":" ","5571":" ","5572":" ","5573":"<","5574":"/","5575":"d","5576":"i","5577":"v","5578":">","5579":"\\","5580":"n","5581":" ","5582":" ","5583":" ","5584":" ","5585":" ","5586":" ","5587":" ","5588":" ","5589":" ","5590":" ","5591":" ","5592":" ","5593":" ","5594":" ","5595":" ","5596":" ","5597":"<","5598":"p","5599":" ","5600":"c","5601":"l","5602":"a","5603":"s","5604":"s","5605":"N","5606":"a","5607":"m","5608":"e","5609":"=","5610":"\\","5611":"\"","5612":"t","5613":"e","5614":"x","5615":"t","5616":"-","5617":"l","5618":"g","5619":" ","5620":"f","5621":"o","5622":"n","5623":"t","5624":"-","5625":"s","5626":"e","5627":"m","5628":"i","5629":"b","5630":"o","5631":"l","5632":"d","5633":" ","5634":"t","5635":"e","5636":"x","5637":"t","5638":"-","5639":"r","5640":"e","5641":"d","5642":"-","5643":"5","5644":"0","5645":"0","5646":"\\","5647":"\"","5648":">","5649":"\\","5650":"n","5651":" ","5652":" ","5653":" ","5654":" ","5655":" ","5656":" ","5657":" ","5658":" ","5659":" ","5660":" ","5661":" ","5662":" ","5663":" ","5664":" ","5665":" ","5666":" ","5667":" ","5668":" ","5669":"{","5670":"f","5671":"o","5672":"r","5673":"m","5674":"a","5675":"t","5676":"E","5677":"t","5678":"h","5679":"e","5680":"r","5681":"(","5682":"e","5683":"n","5684":"v","5685":"e","5686":"l","5687":"o","5688":"p","5689":"e","5690":".","5691":"r","5692":"e","5693":"m","5694":"a","5695":"i","5696":"n","5697":"i","5698":"n","5699":"g","5700":"A","5701":"m","5702":"o","5703":"u","5704":"n","5705":"t","5706":")","5707":"}","5708":" ","5709":"E","5710":"T","5711":"H","5712":"\\","5713":"n","5714":" ","5715":" ","5716":" ","5717":" ","5718":" ","5719":" ","5720":" ","5721":" ","5722":" ","5723":" ","5724":" ","5725":" ","5726":" ","5727":" ","5728":" ","5729":" ","5730":"<","5731":"/","5732":"p","5733":">","5734":"\\","5735":"n","5736":" ","5737":" ","5738":" ","5739":" ","5740":" ","5741":" ","5742":" ","5743":" ","5744":" ","5745":" ","5746":" ","5747":" ","5748":" ","5749":" ","5750":"<","5751":"/","5752":"d","5753":"i","5754":"v","5755":">","5756":"\\","5757":"n","5758":"\\","5759":"n","5760":" ","5761":" ","5762":" ","5763":" ","5764":" ","5765":" ","5766":" ","5767":" ","5768":" ","5769":" ","5770":" ","5771":" ","5772":" ","5773":" ","5774":"{","5775":"e","5776":"n","5777":"v","5778":"e","5779":"l","5780":"o","5781":"p","5782":"e","5783":".","5784":"s","5785":"t","5786":"a","5787":"t","5788":"u","5789":"s","5790":".","5791":"c","5792":"a","5793":"n","5794":"G","5795":"r","5796":"a","5797":"b","5798":" ","5799":"&","5800":"&","5801":" ","5802":"(","5803":"\\","5804":"n","5805":" ","5806":" ","5807":" ","5808":" ","5809":" ","5810":" ","5811":" ","5812":" ","5813":" ","5814":" ","5815":" ","5816":" ","5817":" ","5818":" ","5819":" ","5820":" ","5821":"<","5822":"b","5823":"u","5824":"t","5825":"t","5826":"o","5827":"n","5828":"\\","5829":"n","5830":" ","5831":" ","5832":" ","5833":" ","5834":" ","5835":" ","5836":" ","5837":" ","5838":" ","5839":" ","5840":" ","5841":" ","5842":" ","5843":" ","5844":" ","5845":" ","5846":" ","5847":" ","5848":"o","5849":"n","5850":"C","5851":"l","5852":"i","5853":"c","5854":"k","5855":"=","5856":"{","5857":"(","5858":")","5859":" ","5860":"=","5861":">","5862":" ","5863":"o","5864":"n","5865":"S","5866":"e","5867":"l","5868":"e","5869":"c","5870":"t","5871":"E","5872":"n","5873":"v","5874":"e","5875":"l","5876":"o","5877":"p","5878":"e","5879":"(","5880":"e","5881":"n","5882":"v","5883":"e","5884":"l","5885":"o","5886":"p","5887":"e","5888":".","5889":"i","5890":"d","5891":")","5892":"}","5893":"\\","5894":"n","5895":" ","5896":" ","5897":" ","5898":" ","5899":" ","5900":" ","5901":" ","5902":" ","5903":" ","5904":" ","5905":" ","5906":" ","5907":" ","5908":" ","5909":" ","5910":" ","5911":" ","5912":" ","5913":"c","5914":"l","5915":"a","5916":"s","5917":"s","5918":"N","5919":"a","5920":"m","5921":"e","5922":"=","5923":"\\","5924":"\"","5925":"w","5926":"-","5927":"f","5928":"u","5929":"l","5930":"l","5931":" ","5932":"p","5933":"y","5934":"-","5935":"2","5936":" ","5937":"b","5938":"g","5939":"-","5940":"r","5941":"e","5942":"d","5943":"-","5944":"5","5945":"0","5946":"0","5947":" ","5948":"t","5949":"e","5950":"x","5951":"t","5952":"-","5953":"w","5954":"h","5955":"i","5956":"t","5957":"e","5958":" ","5959":"r","5960":"o","5961":"u","5962":"n","5963":"d","5964":"e","5965":"d","5966":"-","5967":"l","5968":"g","5969":" ","5970":"h","5971":"o","5972":"v","5973":"e","5974":"r","5975":":","5976":"b","5977":"g","5978":"-","5979":"r","5980":"e","5981":"d","5982":"-","5983":"6","5984":"0","5985":"0","5986":" ","5987":"t","5988":"r","5989":"a","5990":"n","5991":"s","5992":"i","5993":"t","5994":"i","5995":"o","5996":"n","5997":"-","5998":"c","5999":"o","6000":"l","6001":"o","6002":"r","6003":"s","6004":" ","6005":"f","6006":"o","6007":"n","6008":"t","6009":"-","6010":"m","6011":"e","6012":"d","6013":"i","6014":"u","6015":"m","6016":"\\","6017":"\"","6018":"\\","6019":"n","6020":" ","6021":" ","6022":" ","6023":" ","6024":" ","6025":" ","6026":" ","6027":" ","6028":" ","6029":" ","6030":" ","6031":" ","6032":" ","6033":" ","6034":" ","6035":" ","6036":">","6037":"\\","6038":"n","6039":" ","6040":" ","6041":" ","6042":" ","6043":" ","6044":" ","6045":" ","6046":" ","6047":" ","6048":" ","6049":" ","6050":" ","6051":" ","6052":" ","6053":" ","6054":" ","6055":" ","6056":" ","6057":"抢","6058":"红","6059":"包","6060":"\\","6061":"n","6062":" ","6063":" ","6064":" ","6065":" ","6066":" ","6067":" ","6068":" ","6069":" ","6070":" ","6071":" ","6072":" ","6073":" ","6074":" ","6075":" ","6076":" ","6077":" ","6078":"<","6079":"/","6080":"b","6081":"u","6082":"t","6083":"t","6084":"o","6085":"n","6086":">","6087":"\\","6088":"n","6089":" ","6090":" ","6091":" ","6092":" ","6093":" ","6094":" ","6095":" ","6096":" ","6097":" ","6098":" ","6099":" ","6100":" ","6101":" ","6102":" ","6103":")","6104":"}","6105":"\\","6106":"n","6107":" ","6108":" ","6109":" ","6110":" ","6111":" ","6112":" ","6113":" ","6114":" ","6115":" ","6116":" ","6117":" ","6118":" ","6119":"<","6120":"/","6121":"d","6122":"i","6123":"v","6124":">","6125":"\\","6126":"n","6127":" ","6128":" ","6129":" ","6130":" ","6131":" ","6132":" ","6133":" ","6134":" ","6135":" ","6136":" ","6137":")","6138":")","6139":"}","6140":"\\","6141":"n","6142":" ","6143":" ","6144":" ","6145":" ","6146":" ","6147":" ","6148":" ","6149":" ","6150":"<","6151":"/","6152":"d","6153":"i","6154":"v","6155":">","6156":"\\","6157":"n","6158":" ","6159":" ","6160":" ","6161":" ","6162":" ","6163":" ","6164":")","6165":"}","6166":"\\","6167":"n","6168":" ","6169":" ","6170":" ","6171":" ","6172":"<","6173":"/","6174":"d","6175":"i","6176":"v","6177":">","6178":"\\","6179":"n","6180":" ","6181":" ","6182":")","6183":"\\","6184":"n","6185":"}","6186":"\\","6187":"n","6188":"\"","6189":"]","6190":",","6191":"\"","6192":"n","6193":"a","6194":"m","6195":"e","6196":"s","6197":"\"","6198":":","6199":"[","6200":"\"","6201":"E","6202":"n","6203":"v","6204":"e","6205":"l","6206":"o","6207":"p","6208":"e","6209":"L","6210":"i","6211":"s","6212":"t","6213":"\"","6214":",","6215":"\"","6216":"o","6217":"n","6218":"S","6219":"e","6220":"l","6221":"e","6222":"c","6223":"t","6224":"E","6225":"n","6226":"v","6227":"e","6228":"l","6229":"o","6230":"p","6231":"e","6232":"\"","6233":",","6234":"\"","6235":"c","6236":"o","6237":"n","6238":"t","6239":"r","6240":"a","6241":"c","6242":"t","6243":"\"","6244":",","6245":"\"","6246":"a","6247":"c","6248":"c","6249":"o","6250":"u","6251":"n","6252":"t","6253":"\"","6254":",","6255":"\"","6256":"u","6257":"s","6258":"e","6259":"W","6260":"a","6261":"l","6262":"l","6263":"e","6264":"t","6265":"\"","6266":",","6267":"\"","6268":"e","6269":"n","6270":"v","6271":"e","6272":"l","6273":"o","6274":"p","6275":"e","6276":"s","6277":"\"","6278":",","6279":"\"","6280":"s","6281":"e","6282
[...]
s","54":"p","55":"a","56":"c","57":"e","58":"/","59":"0","60":"9","61":"-","62":"0","63":"7","64":"/","65":"r","66":"e","67":"d","68":"e","69":"n","70":"v","71":"e","72":"l","73":"o","74":"p","75":"e","76":"-","77":"w","78":"e","79":"b","80":"a","81":"p","82":"p","83":"/","84":"s","85":"r","86":"c","87":"/","88":"u","89":"t","90":"i","91":"l","92":"s","93":"/","94":"e","95":"n","96":"v","97":"e","98":"l","99":"o","100":"p","101":"e","102":".","103":"t","104":"s","105":"\"","106":"]","107":",","108":"\"","109":"s","110":"o","111":"u","112":"r","113":"c","114":"e","115":"s","116":"C","117":"o","118":"n","119":"t","120":"e","121":"n","122":"t","123":"\"","124":":","125":"[","126":"\"","127":"e","128":"x","129":"p","130":"o","131":"r","132":"t","133":" ","134":"i","135":"n","136":"t","137":"e","138":"r","139":"f","140":"a","141":"c","142":"e","143":" ","144":"E","145":"n","146":"v","147":"e","148":"l","149":"o","150":"p","151":"e","152":"S","153":"t","154":"a","155":"t","156":"u","157":"s","158":"I","159":"n","160":"p","161":"u","162":"t","163":" ","164":"{","165":"\\","166":"n","167":" ","168":" ","169":"r","170":"e","171":"m","172":"a","173":"i","174":"n","175":"i","176":"n","177":"g","178":"C","179":"o","180":"u","181":"n","182":"t","183":":","184":" ","185":"b","186":"i","187":"g","188":"i","189":"n","190":"t","191":"\\","192":"n","193":" ","194":" ","195":"t","196":"o","197":"t","198":"a","199":"l","200":"C","201":"o","202":"u","203":"n","204":"t","205":":","206":" ","207":"b","208":"i","209":"g","210":"i","211":"n","212":"t","213":"\\","214":"n","215":" ","216":" ","217":"e","218":"x","219":"p","220":"i","221":"r","222":"e","223":"s","224":"A","225":"t","226":":","227":" ","228":"b","229":"i","230":"g","231":"i","232":"n","233":"t","234":"\\","235":"n","236":" ","237":" ","238":"i","239":"s","240":"A","241":"c","242":"t","243":"i","244":"v","245":"e","246":":","247":" ","248":"b","249":"o","250":"o","251":"l","252":"e","253":"a","254":"n","255":"\\","256":"n","257":" ","258":" ","259":"h","260":"a","261":"s","262":"C","263":"l","264":"a","265":"i","266":"m","267":"e","268":"d","269":"?","270":":","271":" ","272":"b","273":"o","274":"o","275":"l","276":"e","277":"a","278":"n","279":"\\","280":"n","281":" ","282":" ","283":"c","284":"a","285":"n","286":"C","287":"l","288":"a","289":"i","290":"m","291":"?","292":":","293":" ","294":"b","295":"o","296":"o","297":"l","298":"e","299":"a","300":"n","301":"\\","302":"n","303":"}","304":"\\","305":"n","306":"\\","307":"n","308":"c","309":"o","310":"n","311":"s","312":"t","313":" ","314":"i","315":"s","316":"E","317":"x","318":"p","319":"i","320":"r","321":"e","322":"d","323":" ","324":"=","325":" ","326":"(","327":"e","328":"x","329":"p","330":"i","331":"r","332":"e","333":"s","334":"A","335":"t","336":":","337":" ","338":"b","339":"i","340":"g","341":"i","342":"n","343":"t","344":")","345":" ","346":"=","347":">","348":" ","349":"{","350":"\\","351":"n","352":" ","353":" ","354":"c","355":"o","356":"n","357":"s","358":"t","359":" ","360":"n","361":"o","362":"w","363":" ","364":"=","365":" ","366":"M","367":"a","368":"t","369":"h","370":".","371":"f","372":"l","373":"o","374":"o","375":"r","376":"(","377":"D","378":"a","379":"t","380":"e","381":".","382":"n","383":"o","384":"w","385":"(","386":")","387":" ","388":"/","389":" ","390":"1","391":"0","392":"0","393":"0","394":")","395":"\\","396":"n","397":" ","398":" ","399":"r","400":"e","401":"t","402":"u","403":"r","404":"n","405":" ","406":"N","407":"u","408":"m","409":"b","410":"e","411":"r","412":"(","413":"e","414":"x","415":"p","416":"i","417":"r","418":"e","419":"s","420":"A","421":"t","422":")","423":" ","424":"<","425":" ","426":"n","427":"o","428":"w","429":"\\","430":"n","431":"}","432":"\\","433":"n","434":"\\","435":"n","436":"e","437":"x","438":"p","439":"o","440":"r","441":"t","442":" ","443":"i","444":"n","445":"t","446":"e","447":"r","448":"f","449":"a","450":"c","451":"e","452":" ","453":"E","454":"n","455":"v","456":"e","457":"l","458":"o","459":"p","460":"e","461":"S","462":"t","463":"a","464":"t","465":"u","466":"s","467":"R","468":"e","469":"s","470":"u","471":"l","472":"t","473":" ","474":"{","475":"\\","476":"n","477":" ","478":" ","479":"t","480":"e","481":"x","482":"t","483":":","484":" ","485":"s","486":"t","487":"r","488":"i","489":"n","490":"g","491":"\\","492":"n","493":" ","494":" ","495":"c","496":"o","497":"l","498":"o","499":"r","500":":","501":" ","502":"s","503":"t","504":"r","505":"i","506":"n","507":"g","508":"\\","509":"n","510":" ","511":" ","512":"c","513":"a","514":"n","515":"G","516":"r","517":"a","518":"b","519":":","520":" ","521":"b","522":"o","523":"o","524":"l","525":"e","526":"a","527":"n","528":"\\","529":"n","530":"}","531":"\\","532":"n","533":"\\","534":"n","535":"e","536":"x","537":"p","538":"o","539":"r","540":"t","541":" ","542":"c","543":"o","544":"n","545":"s","546":"t","547":" ","548":"g","549":"e","550":"t","551":"E","552":"n","553":"v","554":"e","555":"l","556":"o","557":"p","558":"e","559":"S","560":"t","561":"a","562":"t","563":"u","564":"s","565":" ","566":"=","567":" ","568":"(","569":"\\","570":"n","571":" ","572":" ","573":"e","574":"n","575":"v","576":"e","577":"l","578":"o","579":"p","580":"e","581":":","582":" ","583":"E","584":"n","585":"v","586":"e","587":"l","588":"o","589":"p","590":"e","591":"S","592":"t","593":"a","594":"t","595":"u","596":"s","597":"I","598":"n","599":"p","600":"u","601":"t","602":",","603":"\\","604":"n","605":")","606":":","607":" ","608":"E","609":"n","610":"v","611":"e","612":"l","613":"o","614":"p","615":"e","616":"S","617":"t","618":"a","619":"t","620":"u","621":"s","622":"R","623":"e","624":"s","625":"u","626":"l","627":"t","628":" ","629":"=","630":">","631":" ","632":"{","633":"\\","634":"n","635":" ","636":" ","637":"i","638":"f","639":" ","640":"(","641":"!","642":"e","643":"n","644":"v","645":"e","646":"l","647":"o","648":"p","649":"e","650":".","651":"i","652":"s","653":"A","654":"c","655":"t","656":"i","657":"v","658":"e","659":" ","660":"|","661":"|","662":" ","663":"i","664":"s","665":"E","666":"x","667":"p","668":"i","669":"r","670":"e","671":"d","672":"(","673":"e","674":"n","675":"v","676":"e","677":"l","678":"o","679":"p","680":"e","681":".","682":"e","683":"x","684":"p","685":"i","686":"r","687":"e","688":"s","689":"A","690":"t","691":")","692":")","693":" ","694":"{","695":"\\","696":"n","697":" ","698":" ","699":" ","700":" ","701":"r","702":"e","703":"t","704":"u","705":"r","706":"n","707":" ","708":"{","709":" ","710":"t","711":"e","712":"x","713":"t","714":":","715":" ","716":"'","717":"已","718":"过","719":"期","720":"'","721":",","722":" ","723":"c","724":"o","725":"l","726":"o","727":"r","728":":","729":" ","730":"'","731":"t","732":"e","733":"x","734":"t","735":"-","736":"g","737":"r","738":"a","739":"y","740":"-","741":"5","742":"0","743":"0","744":"'","745":",","746":" ","747":"c","748":"a","749":"n","750":"G","751":"r","752":"a","753":"b","754":":","755":" ","756":"f","757":"a","758":"l","759":"s","760":"e","761":" ","762":"}","763":"\\","764":"n","765":" ","766":" ","767":"}","768":"\\","769":"n","770":"\\","771":"n","772":" ","773":" ","774":"i","775":"f","776":" ","777":"(","778":"e","779":"n","780":"v","781":"e","782":"l","783":"o","784":"p","785":"e","786":".","787":"h","788":"a","789":"s","790":"C","791":"l","792":"a","793":"i","794":"m","795":"e","796":"d","797":")","798":" ","799":"{","800":"\\","801":"n","802":" ","803":" ","804":" ","805":" ","806":"r","807":"e","808":"t","809":"u","810":"r","811":"n","812":" ","813":"{","814":" ","815":"t","816":"e","817":"x","818":"t","819":":","820":" ","821":"'","822":"已","823":"领","824":"取","825":"'","826":",","827":" ","828":"c","829":"o","830":"l","831":"o","832":"r","833":":","834":" ","835":"'","836":"t","837":"e","838":"x","839":"t","840":"-","841":"b","842":"l","843":"u","844":"e","845":"-","846":"5","847":"0","848":"0","849":"'","850":",","851":" ","852":"c","853":"a","854":"n","855":"G","856":"r","857":"a","858":"b","859":":","860":" ","861":"f","862":"a","863":"l","864":"s","865":"e","866":" ","867":"}","868":"\\","869":"n","870":" ","871":" ","872":"}","873":"\\","874":"n","875":"\\","876":"n","877":" ","878":" ","879":"i","880":"f","881":" ","882":"(","883":"e","884":"n","885":"v","886":"e","887":"l","888":"o","889":"p","890":"e","891":".","892":"r","893":"e","894":"m","895":"a","896":"i","897":"n","898":"i","899":"n","900":"g","901":"C","902":"o","903":"u","904":"n","905":"t","906":" ","907":"=","908":"=","909":"=","910":" ","911":"0","912":"n","913":")","914":" ","915":"{","916":"\\","917":"n","918":" ","919":" ","920":" ","921":" ","922":"r","923":"e","924":"t","925":"u","926":"r","927":"n","928":" ","929":"{","930":" ","931":"t","932":"e","933":"x","934":"t","935":":","936":" ","937":"'","938":"已","939":"抢","940":"完","941":"'","942":",","943":" ","944":"c","945":"o","946":"l","947":"o","948":"r","949":":","950":" ","951":"'","952":"t","953":"e","954":"x","955":"t","956":"-","957":"o","958":"r","959":"a","960":"n","961":"g","962":"e","963":"-","964":"5","965":"0","966":"0","967":"'","968":",","969":" ","970":"c","971":"a","972":"n","973":"G","974":"r","975":"a","976":"b","977":":","978":" ","979":"f","980":"a","981":"l","982":"s","983":"e","984":" ","985":"}","986":"\\","987":"n","988":" ","989":" ","990":"}","991":"\\","992":"n","993":"\\","994":"n","995":" ","996":" ","997":"i","998":"f","999":" ","1000":"(","1001":"e","1002":"n","1003":"v","1004":"e","1005":"l","1006":"o","1007":"p","1008":"e","1009":".","1010":"c","1011":"a","1012":"n","1013":"C","1014":"l","1015":"a","1016":"i","1017":"m","1018":")","1019":" ","1020":"{","1021":"\\","1022":"n","1023":" ","1024":" ","1025":" ","1026":" ","1027":"r","1028":"e","1029":"t","1030":"u","1031":"r","1032":"n","1033":" ","1034":"{","1035":" ","1036":"t","1037":"e","1038":"x","1039":"t","1040":":","1041":" ","1042":"'","1043":"可","1044":"领","1045":"取","1046":"'","1047":",","1048":" ","1049":"c","1050":"o","1051":"l","1052":"o","1053":"r","1054":":","1055":" ","1056":"'","1057":"t","1058":"e","1059":"x","1060":"t","1061":"-","1062":"g","1063":"r","1064":"e","1065":"e","1066":"n","1067":"-","1068":"5","1069":"0","1070":"0","1071":"'","1072":",","1073":" ","1074":"c","1075":"a","1076":"n","1077":"G","1078":"r","1079":"a","1080":"b","1081":":","1082":" ","1083":"t","1084":"r","1085":"u","1086":"e","1087":" ","1088":"}","1089":"\\","1090":"n","1091":" ","1092":" ","1093":"}","1094":"\\","1095":"n","1096":"\\","1097":"n","1098":" ","1099":" ","1100":"r","1101":"e","1102":"t","1103":"u","1104":"r","1105":"n","1106":" ","1107":"{","1108":" ","1109":"t","1110":"e","1111":"x","1112":"t","1113":":","1114":" ","1115":"'","1116":"不","1117":"可","1118":"领","1119":"'","1120":",","1121":" ","1122":"c","1123":"o","1124":"l","1125":"o","1126":"r","1127":":","1128":" ","1129":"'","1130":"t","1131":"e","1132":"x","1133":"t","1134":"-","1135":"r","1136":"e","1137":"d","1138":"-","1139":"5","1140":"0","1141":"0","1142":"'","1143":",","1144":" ","1145":"c","1146":"a","1147":"n","1148":"G","1149":"r","1150":"a","1151":"b","1152":":","1153":" ","1154":"f","1155":"a","1156":"l","1157":"s","1158":"e","1159":" ","1160":"}","1161":"\\","1162":"n","1163":"}","1164":"\\","1165":"n","1166":"\"","1167":"]","1168":",","1169":"\"","1170":"n","1171":"a","1172":"m","1173":"e","1174":"s","1175":"\"","1176":":","1177":"[","1178":"\"","1179":"g","1180":"e","1181":"t","1182":"E","1183":"n","1184":"v","1185":"e","1186":"l","1187":"o","1188":"p","1189":"e","1190":"S","1191":"t","1192":"a","1193":"t","1194":"u","1195":"s","1196":"\"","1197":",","1198":"\"","1199":"i","1200":"s","1201":"E","1202":"x","1203":"p","1204":"i","1205":"r","1206":"e","1207":"d","1208":"\"","1209":",","1210":"\"","1211":"e","1212":"x","1213":"p","1214":"i","1215":"r","1216":"e","1217":"s","1218":"A","1219":"t","1220":"\"","1221":",","1222":"\"","1223":"n","1224":"o","1225":"w","1226":"\"","1227":",","1228":"\"","1229":"M","1230":"a","1231":"t","1232":"h","1233":"\"","1234":",","1235":"\"","1236":"f","1237":"l","1238":"o","1239":"o","1240":"r","1241":"\"","1242":",","1243":"\"","1244":"D","1245":"a","1246":"t","1247":"e","1248":"\"","1249":",","1250":"\"","1251":"N","1252":"u","1253":"m","1254":"b","1255":"e","1256":"r","1257":"\"","1258":",","1259":"\"","1260":"e","1261":"n","1262":"v","1263":"e","1264":"l","1265":"o","1266":"p","1267":"e","1268":"\"","1269":",","1270":"\"","1271":"i","1272":"s","1273":"A","1274":"c","1275":"t","1276":"i","1277":"v","1278":"e","1279":"\"","1280":",","1281":"\"","1282":"t","1283":"e","1284":"x","1285":"t","1286":"\"","1287":",","1288":"\"","1289":"c","1290":"o","1291":"l","1292":"o","1293":"r","1294":"\"","1295":",","1296":"\"","1297":"c","1298":"a","1299":"n","1300":"G","1301":"r","1302":"a","1303":"b","1304":"\"","1305":",","1306":"\"","1307":"h","1308":"a","1309":"s","1310":"C","1311":"l","1312":"a","1313":"i","1314":"m","1315":"e","1316":"d","1317":"\"","1318":",","1319":"\"","1320":"r","1321":"e","1322":"m","1323":"a","1324":"i","1325":"n","1326":"i","1327":"n","1328":"g","1329":"C","1330":"o","1331":"u","1332":"n","1333":"t","1334":"\"","1335":",","1336":"\"","1337":"c","1338":"a","1339":"n","1340":"C","1341":"l","1342":"a","1343":"i","1344":"m","1345":"\"","1346":"]","1347":",","1348":"\"","1349":"m","1350":"a","1351":"p","1352":"p","1353":"i","1354":"n","1355":"g","1356":"s","1357":"\"","1358":":","1359":"\"","1360":"o","1361":"G","1362":"A","1363":"o","1364":"B","1365":"a","1366":"A","1367":",","1368":"2","1369":"D","1370":"A","1371":"A","1372":"A","1373":"A","1374":",","1375":"q","1376":"B","1377":"A","1378":"X","1379":"b","1380":",","1381":"M","1382":"A","1383":"A","1384":"M","1385":"C","1386":",","1387":"U","1388":"A","1389":"A","1390":"Y","1391":",","1392":"A","1393":"A","1394":"A","1395":"C","1396":"C","1397":",","1398":"Y","1399":"A","1400":"C","1401":"j","1402":"B","1403":",","1404":"M","1405":"A","1406":"A","1407":"M","1408":"C","1409":",","1410":"I","1411":"A","1412":"A","1413":"M","1414":"C","1415":",","1416":"K","1417":"A","1418":"A","1419":"K","1420":"C","1421":",","1422":"K","1423":"A","1424":"A","1425":"K","1426":",","1427":"C","1428":"A","1429":"A","1430":"C","1431":"C","1432":",","1433":"K","1434":"A","1435":"A","1436":"K","1437":"H","1438":",","1439":"G","1440":"A","1441":"A","1442":"G","1443":",","1444":"G","1445":"A","1446":"A","1447":"K","1448":",","1449":"K","1450":"A","1451":"C","1452":"p","1453":"C","1454":",","1455":"O","1456":"A","1457":"A","1458":"O","1459":"I","1460":",","1461":"O","1462":"A","1463":"A","1464":"O","1465":"L","1466":",","1467":"W","1468":"A","1469":"A","1470":"a","1471":"C","1472":",","1473":"G","1474":"A","1475":"C","1476":"7","1477":"B","1478":",","1479":"E","1480":"A","1481":"Q","1482":"O","1483":",","1484":"M","1485":"A","1486":"A","1487":"M","1488":"H","1489":",","1490":"k","1491":"B","1492":"A","1493":"A","1494":"o","1495":"B","1496":",","1497":"A","1498":"A","1499":"C","1500":"/","1501":"B","1502":"Q","1503":",","1504":"W","1505":"A","1506":"E","1507":"A","1508":",","1509":"G","1510":"A","1511":"A","1512":"I","1513":",","1514":"C","1515":"A","1516":"A","1517":"C","1518":"A","1519":",","1520":"S","1521":"A","1522":"A","1523":"S","1524":"C","1525":",","1526":"Q","1527":"A","1528":"A","1529":"Q","1530":",","1531":"E","1532":"A","1533":"A","1534":"I","1535":"R","1536":",","1537":"U","1538":"A","1539":"A","1540":"U","1541":"O","1542":",","1543":"S","1544":"A","1545":"A","1546":"S","1547":"N","1548":",","1549":"S","1550":"A","1551":"A","1552":"S","1553":",","1554":"E","1555":"A","1556":"A","1557":"G","1558":",","1559":"C","1560":"A","1561":"C","1562":"v","1563":"D","1564":",","1565":"M","1566":"A","1567":"A","1568":"O","1569":",","1570":"C","1571":"A","1572":"A","1573":"E","1574":"Q","1575":",","1576":"K","1577":"A","1578":"A","1579":"M","1580":",","1581":"M","1582":"A","1583":"A","1584":"O","1585":"C","1586":",","1587":"M","1588":"A","1589":"A","1590":"O","1591":",","1592":"g","1593":"B","1594":"A","1595":"A","1596":"i","1597":"B","1598":"C","1599":",","1600":"Q","1601":"A","1602":"A","1603":"S","1604":",","1605":"K","1606":"A","1607":"A","1608":"M","1609":",","1610":"C","1611":"A","1612":"C","1613":"/","1614":"D","1615":",","1616":"C","1617":"A","1618":"E","1619":"A","1620":",","1621":"G","1622":"A","1623":"A","1624":"I","1625":"J","1626":",","1627":"S","1628":"A","1629":"A","1630":"S","1631":"K","1632":",","1633":"U","1634":"A","1635":"A","1636":"U","1637":",","1638":"C","1639":"A","1640":"A","1641":"E","1642":",","1643":"C","1644":"A","1645":"C","1646":"v","1647":"B","1648":",","1649":"M","1650":"A","1651":"A","1652":"O","1653":",","1654":"C","1655":"A","1656":"A","1657":"E","1658":"H","1659":",","1660":"K","1661":"A","1662":"A","1663":"M","1664":",","1665":"M","1666":"A","1667":"A","1668":"O","1669":"C","1670":",","1671":"M","1672":"A","1673":"A","1674":"O","1675":",","1676":"g","1677":"B","1678":"A","1679":"A","1680":"i","1681":"B","1682":"C","1683":",","1684":"Q","1685":"A","1686":"A","1687":"S","1688":",","1689":"K","1690":"A","1691":"A","1692":"M","1693":",","1694":"C","1695":"A","1696":"C","1697":"/","1698":"D","1699":",","1700":"C","1701":"A","1702":"E","1703":"A","1704":",","1705":"G","1706":"A","1707":"A","1708":"I","1709":"J","1710":",","1711":"S","1712":"A","1713":"A","1714":"S","1715":"M","1716":",","1717":"c","1718":"A","1719":"A","1720":"c","1721":",","1722":"G","1723":"A","1724":"A","1725":"K","1726":",","1727":"C","1728":"A","1729":"A","1730":"E","1731":",","1732":"A","1733":"A","1734":"A","1735":"F","1736":",","1737":"C","1738":"A","1739":"A","1740":"E","1741":",","1742":"C","1743":"A","1744":"A","1745":"E","1746":",","1747":"C","1748":"A","1749":"C","1750":"l","1751":"C","1752":",","1753":"M","1754":"A","1755":"A","1756":"O","1757":",","1758":"C","1759":"A","1760":"A","1761":"E","1762":"J","1763":",","1764":"K","1765":"A","1766":"A","1767":"M","1768":",","1769":"M","1770":"A","1771":"A","1772":"O","1773":"C","1774":",","1775":"M","1776":"A","1777":"A","1778":"O","1779":",","1780":"k","1781":"B","1782":"A","1783":"A","1784":"m","1785":"B","1786":"C","1787":",","1788":"Q","1789":"A","1790":"A","1791":"S","1792":",","1793":"K","1794":"A","1795":"A","1796":"M","1797":",","1798":"C","1799":"A","1800":"C","1801":"j","1802":"E","1803":",","1804":"C","1805":"A","1806":"E","1807":"A","1808":",","1809":"G","1810":"A","1811":"A","1812":"I","1813":"J","1814":",","1815":"S","1816":"A","1817":"A","1818":"S","1819":"O","1820":",","1821":"Q","1822":"A","1823":"A","1824":"Q","1825":",","1826":"C","1827":"A","1828":"A","1829":"E","1830":",","1831":"C","1832":"A","1833":"C","1834":"r","1835":"B","1836":",","1837":"M","1838":"A","1839":"A","1840":"O","1841":",","1842":"C","1843":"A","1844":"A","1845":"E","1846":"L","1847":",","1848":"K","1849":"A","1850":"A","1851":"M","1852":",","1853":"M","1854":"A","1855":"A","1856":"O","1857":"C","1858":",","1859":"M","1860":"A","1861":"A","1862":"O","1863":",","1864":"i","1865":"B","1866":"A","1867":"A","1868":"k","1869":"B","1870":"C","1871":",","1872":"Q","1873":"A","1874":"A","1875":"S","1876":",","1877":"I","1878":"A","1879":"A","1880":"K","1881":",","1882":"C","1883":"A","1884":"C","1885":"/","1886":"D","1887":",","1888":"C","1889":"A","1890":"E","1891":"A","1892":",","1893":"M","1894":"A","1895":"A","1896":"O","1897":",","1898":"C","1899":"A","1900":"A","1901":"E","1902":"F","1903":",","1904":"K","1905":"A","1906":"A","1907":"M","1908":",","1909":"M","1910":"A","1911":"A","1912":"O","1913":"C","1914":",","1915":"M","1916":"A","1917":"A","1918":"O","1919":",","1920":"e","1921":"A","1922":"A","1923":"g","1924":"B","1925":"C","1926":",","1927":"Q","1928":"A","1929":"A","1930":"S","1931":",","1932":"K","1933":"A","1934":"A","1935":"M","1936":",","1937":"C","1938":"A","1939":"C","1940":"9","1941":"D","1942":"\"","1943":"}"},"_coverageSchema":"1a1c01bbd47fc00a2c39e90264f33305004495a9","hash":"936ebafe24853d77c674d68b5b1094e74ac94890"}
}
