TN:
SF:src/components/EnvelopeList.tsx
FN:1,(anonymous_0)
FN:1,_interop_require_default
FN:1,(anonymous_2)
FN:1,_jsxruntime
FN:1,(anonymous_4)
FN:1,_react
FN:1,(anonymous_6)
FN:1,_ethers
FN:1,(anonymous_8)
FN:1,_reacthottoast
FN:1,(anonymous_10)
FN:1,EnvelopeList
FN:1,(anonymous_12)
FN:1,(anonymous_13)
FN:1,(anonymous_14)
FN:1,(anonymous_15)
FN:1,(anonymous_16)
FN:1,(anonymous_17)
FN:1,(anonymous_18)
FN:1,(anonymous_19)
FNF:20
FNH:13
FNDA:2,(anonymous_0)
FNDA:0,_interop_require_default
FNDA:0,(anonymous_2)
FNDA:1,_jsxruntime
FNDA:37,(anonymous_4)
FNDA:1,_react
FNDA:15,(anonymous_6)
FNDA:1,_ethers
FNDA:0,(anonymous_8)
FNDA:0,_reacthottoast
FNDA:0,(anonymous_10)
FNDA:4,EnvelopeList
FNDA:1,(anonymous_12)
FNDA:0,(anonymous_13)
FNDA:2,(anonymous_14)
FNDA:1,(anonymous_15)
FNDA:3,(anonymous_16)
FNDA:1,(anonymous_17)
FNDA:1,(anonymous_18)
FNDA:0,(anonymous_19)
DA:1,37
LF:1
LH:1
BRDA:1,0,0,0
BRDA:1,0,1,1
BRDA:1,1,0,1
BRDA:1,1,1,0
BRDA:1,2,0,1
BRDA:1,2,1,1
BRDA:1,3,0,1
BRDA:1,3,1,3
BRDA:1,4,0,4
BRDA:1,4,1,1
BRDA:1,5,0,0
BRDA:1,5,1,3
BRDA:1,6,0,2
BRDA:1,6,1,1
BRDA:1,7,0,1
BRDA:1,7,1,0
BRDA:1,8,0,0
BRDA:1,8,1,1
BRDA:1,9,0,1
BRDA:1,9,1,1
BRF:20
BRH:15
end_of_record
TN:
SF:src/utils/envelope.ts
FN:1,(anonymous_0)
FN:1,(anonymous_1)
FN:1,(anonymous_2)
FNF:3
FNH:3
FNDA:7,(anonymous_0)
FNDA:6,(anonymous_1)
FNDA:7,(anonymous_2)
DA:1,7
LF:1
LH:1
BRDA:1,0,0,2
BRDA:1,0,1,5
BRDA:1,1,0,7
BRDA:1,1,1,6
BRDA:1,2,0,1
BRDA:1,2,1,4
BRDA:1,3,0,1
BRDA:1,3,1,3
BRDA:1,4,0,2
BRDA:1,4,1,1
BRF:10
BRH:10
end_of_record
